[2025-08-10T11:41:20.034+0000] {taskinstance.py:1956} INFO - Dependencies all met for dep_context=non-requeueable deps ti=<TaskInstance: finnhub_stock_pipeline.run_finnhub_producer manual__2025-08-10T11:41:17.570323+00:00 [queued]>
[2025-08-10T11:41:20.037+0000] {taskinstance.py:1956} INFO - Dependencies all met for dep_context=requeueable deps ti=<TaskInstance: finnhub_stock_pipeline.run_finnhub_producer manual__2025-08-10T11:41:17.570323+00:00 [queued]>
[2025-08-10T11:41:20.037+0000] {taskinstance.py:2170} INFO - Starting attempt 1 of 2
[2025-08-10T11:41:20.045+0000] {taskinstance.py:2191} INFO - Executing <Task(BashOperator): run_finnhub_producer> on 2025-08-10 11:41:17.570323+00:00
[2025-08-10T11:41:20.047+0000] {standard_task_runner.py:60} INFO - Started process 223 to run task
[2025-08-10T11:41:20.050+0000] {standard_task_runner.py:87} INFO - Running: ['airflow', 'tasks', 'run', 'finnhub_stock_pipeline', 'run_finnhub_producer', 'manual__2025-08-10T11:41:17.570323+00:00', '--job-id', '2', '--raw', '--subdir', 'DAGS_FOLDER/finnhub_pipeline.py', '--cfg-path', '/tmp/tmp6if_94xf']
[2025-08-10T11:41:20.051+0000] {standard_task_runner.py:88} INFO - Job 2: Subtask run_finnhub_producer
[2025-08-10T11:41:20.084+0000] {task_command.py:423} INFO - Running <TaskInstance: finnhub_stock_pipeline.run_finnhub_producer manual__2025-08-10T11:41:17.570323+00:00 [running]> on host f7044530c35b
[2025-08-10T11:41:20.113+0000] {taskinstance.py:2480} INFO - Exporting env vars: AIRFLOW_CTX_DAG_OWNER='airflow' AIRFLOW_CTX_DAG_ID='finnhub_stock_pipeline' AIRFLOW_CTX_TASK_ID='run_finnhub_producer' AIRFLOW_CTX_EXECUTION_DATE='2025-08-10T11:41:17.570323+00:00' AIRFLOW_CTX_TRY_NUMBER='1' AIRFLOW_CTX_DAG_RUN_ID='manual__2025-08-10T11:41:17.570323+00:00'
[2025-08-10T11:41:20.114+0000] {subprocess.py:63} INFO - Tmp dir root location: /tmp
[2025-08-10T11:41:20.115+0000] {subprocess.py:75} INFO - Running command: ['/usr/bin/bash', '-c', 'python -u /opt/airflow/scripts/finnhub_producer.py']
[2025-08-10T11:41:20.119+0000] {subprocess.py:86} INFO - Output:
[2025-08-10T11:41:20.303+0000] {subprocess.py:93} INFO - [Finnhub] Kafka Producer가 kafka:9092에 성공적으로 연결되었습니다.
[2025-08-10T11:41:20.304+0000] {subprocess.py:93} INFO - --- Finnhub 데이터 수집 시작 (1분간) ---
[2025-08-10T11:41:20.304+0000] {subprocess.py:93} INFO - --- [Finnhub] 사이클: 1/2 ---
[2025-08-10T11:41:20.774+0000] {subprocess.py:93} INFO - [Finnhub] 'TSLA' 데이터 가져오기 성공: 329.65
[2025-08-10T11:41:20.923+0000] {subprocess.py:93} INFO - [Finnhub] 데이터를 Kafka 토픽 'finnhub_stock_data'으로 성공적으로 전송했습니다: TSLA
[2025-08-10T11:41:22.283+0000] {subprocess.py:93} INFO - [Finnhub] 'NVDA' 데이터 가져오기 성공: 182.7
[2025-08-10T11:41:22.288+0000] {subprocess.py:93} INFO - [Finnhub] 데이터를 Kafka 토픽 'finnhub_stock_data'으로 성공적으로 전송했습니다: NVDA
[2025-08-10T11:41:23.684+0000] {subprocess.py:93} INFO - [Finnhub] 'AMD' 데이터 가져오기 성공: 172.76
[2025-08-10T11:41:23.687+0000] {subprocess.py:93} INFO - [Finnhub] 데이터를 Kafka 토픽 'finnhub_stock_data'으로 성공적으로 전송했습니다: AMD
[2025-08-10T11:41:25.070+0000] {subprocess.py:93} INFO - [Finnhub] 'QCOM' 데이터 가져오기 성공: 147.56
[2025-08-10T11:41:25.074+0000] {subprocess.py:93} INFO - [Finnhub] 데이터를 Kafka 토픽 'finnhub_stock_data'으로 성공적으로 전송했습니다: QCOM
[2025-08-10T11:41:26.459+0000] {subprocess.py:93} INFO - [Finnhub] 'INTC' 데이터 가져오기 성공: 19.95
[2025-08-10T11:41:26.463+0000] {subprocess.py:93} INFO - [Finnhub] 데이터를 Kafka 토픽 'finnhub_stock_data'으로 성공적으로 전송했습니다: INTC
[2025-08-10T11:41:27.464+0000] {subprocess.py:93} INFO - --- 사이클 1 완료, 다음 사이클까지 25초 대기... ---
[2025-08-10T11:41:52.483+0000] {subprocess.py:93} INFO - --- [Finnhub] 사이클: 2/2 ---
[2025-08-10T11:41:52.845+0000] {subprocess.py:93} INFO - [Finnhub] 'TSLA' 데이터 가져오기 성공: 329.65
[2025-08-10T11:41:52.847+0000] {subprocess.py:93} INFO - [Finnhub] 데이터를 Kafka 토픽 'finnhub_stock_data'으로 성공적으로 전송했습니다: TSLA
[2025-08-10T11:41:54.256+0000] {subprocess.py:93} INFO - [Finnhub] 'NVDA' 데이터 가져오기 성공: 182.7
[2025-08-10T11:41:54.259+0000] {subprocess.py:93} INFO - [Finnhub] 데이터를 Kafka 토픽 'finnhub_stock_data'으로 성공적으로 전송했습니다: NVDA
[2025-08-10T11:41:55.645+0000] {subprocess.py:93} INFO - [Finnhub] 'AMD' 데이터 가져오기 성공: 172.76
[2025-08-10T11:41:55.650+0000] {subprocess.py:93} INFO - [Finnhub] 데이터를 Kafka 토픽 'finnhub_stock_data'으로 성공적으로 전송했습니다: AMD
[2025-08-10T11:41:57.120+0000] {subprocess.py:93} INFO - [Finnhub] 'QCOM' 데이터 가져오기 성공: 147.56
[2025-08-10T11:41:57.123+0000] {subprocess.py:93} INFO - [Finnhub] 데이터를 Kafka 토픽 'finnhub_stock_data'으로 성공적으로 전송했습니다: QCOM
[2025-08-10T11:41:58.494+0000] {subprocess.py:93} INFO - [Finnhub] 'INTC' 데이터 가져오기 성공: 19.95
[2025-08-10T11:41:58.497+0000] {subprocess.py:93} INFO - [Finnhub] 데이터를 Kafka 토픽 'finnhub_stock_data'으로 성공적으로 전송했습니다: INTC
[2025-08-10T11:41:59.498+0000] {subprocess.py:93} INFO - --- 사이클 2 완료, 다음 사이클까지 25초 대기... ---
[2025-08-10T11:42:24.508+0000] {subprocess.py:93} INFO - --- Finnhub 데이터 수집 완료 ---
[2025-08-10T11:42:24.533+0000] {subprocess.py:97} INFO - Command exited with return code 0
[2025-08-10T11:42:24.545+0000] {taskinstance.py:1138} INFO - Marking task as SUCCESS. dag_id=finnhub_stock_pipeline, task_id=run_finnhub_producer, execution_date=20250810T114117, start_date=20250810T114120, end_date=20250810T114224
[2025-08-10T11:42:24.564+0000] {local_task_job_runner.py:234} INFO - Task exited with return code 0
[2025-08-10T11:42:24.573+0000] {taskinstance.py:3280} INFO - 1 downstream tasks scheduled from follow-on schedule check
