[2025-08-20T06:08:31.053+0000] {processor.py:161} INFO - Started process (PID=54) to work on /opt/airflow/dags/finnhub_pipeline.py
[2025-08-20T06:08:31.055+0000] {processor.py:830} INFO - Processing file /opt/airflow/dags/finnhub_pipeline.py for tasks to queue
[2025-08-20T06:08:31.056+0000] {logging_mixin.py:188} INFO - [2025-08-20T06:08:31.056+0000] {dagbag.py:538} INFO - Filling up the DagBag from /opt/airflow/dags/finnhub_pipeline.py
[2025-08-20T06:08:31.077+0000] {processor.py:840} INFO - DAG(s) 'finnhub_stock_pipeline' retrieved from /opt/airflow/dags/finnhub_pipeline.py
[2025-08-20T06:08:31.188+0000] {logging_mixin.py:188} INFO - [2025-08-20T06:08:31.187+0000] {dag.py:3036} INFO - Sync 1 DAGs
[2025-08-20T06:08:31.195+0000] {logging_mixin.py:188} INFO - [2025-08-20T06:08:31.195+0000] {dag.py:3823} INFO - Setting next_dagrun for finnhub_stock_pipeline to None, run_after=None
[2025-08-20T06:08:31.210+0000] {processor.py:183} INFO - Processing /opt/airflow/dags/finnhub_pipeline.py took 0.160 seconds
[2025-08-20T06:09:02.145+0000] {processor.py:161} INFO - Started process (PID=55) to work on /opt/airflow/dags/finnhub_pipeline.py
[2025-08-20T06:09:02.145+0000] {processor.py:830} INFO - Processing file /opt/airflow/dags/finnhub_pipeline.py for tasks to queue
[2025-08-20T06:09:02.146+0000] {logging_mixin.py:188} INFO - [2025-08-20T06:09:02.146+0000] {dagbag.py:538} INFO - Filling up the DagBag from /opt/airflow/dags/finnhub_pipeline.py
[2025-08-20T06:09:02.159+0000] {processor.py:840} INFO - DAG(s) 'finnhub_stock_pipeline' retrieved from /opt/airflow/dags/finnhub_pipeline.py
[2025-08-20T06:09:02.169+0000] {logging_mixin.py:188} INFO - [2025-08-20T06:09:02.169+0000] {dag.py:3036} INFO - Sync 1 DAGs
[2025-08-20T06:09:02.175+0000] {logging_mixin.py:188} INFO - [2025-08-20T06:09:02.175+0000] {dag.py:3823} INFO - Setting next_dagrun for finnhub_stock_pipeline to None, run_after=None
[2025-08-20T06:09:02.188+0000] {processor.py:183} INFO - Processing /opt/airflow/dags/finnhub_pipeline.py took 0.045 seconds
[2025-08-20T06:09:32.310+0000] {processor.py:161} INFO - Started process (PID=56) to work on /opt/airflow/dags/finnhub_pipeline.py
[2025-08-20T06:09:32.311+0000] {processor.py:830} INFO - Processing file /opt/airflow/dags/finnhub_pipeline.py for tasks to queue
[2025-08-20T06:09:32.311+0000] {logging_mixin.py:188} INFO - [2025-08-20T06:09:32.311+0000] {dagbag.py:538} INFO - Filling up the DagBag from /opt/airflow/dags/finnhub_pipeline.py
[2025-08-20T06:09:32.325+0000] {processor.py:840} INFO - DAG(s) 'finnhub_stock_pipeline' retrieved from /opt/airflow/dags/finnhub_pipeline.py
[2025-08-20T06:09:32.336+0000] {logging_mixin.py:188} INFO - [2025-08-20T06:09:32.336+0000] {dag.py:3036} INFO - Sync 1 DAGs
[2025-08-20T06:09:32.342+0000] {logging_mixin.py:188} INFO - [2025-08-20T06:09:32.342+0000] {dag.py:3823} INFO - Setting next_dagrun for finnhub_stock_pipeline to None, run_after=None
[2025-08-20T06:09:32.353+0000] {processor.py:183} INFO - Processing /opt/airflow/dags/finnhub_pipeline.py took 0.044 seconds
[2025-08-20T06:10:02.479+0000] {processor.py:161} INFO - Started process (PID=57) to work on /opt/airflow/dags/finnhub_pipeline.py
[2025-08-20T06:10:02.479+0000] {processor.py:830} INFO - Processing file /opt/airflow/dags/finnhub_pipeline.py for tasks to queue
[2025-08-20T06:10:02.480+0000] {logging_mixin.py:188} INFO - [2025-08-20T06:10:02.480+0000] {dagbag.py:538} INFO - Filling up the DagBag from /opt/airflow/dags/finnhub_pipeline.py
[2025-08-20T06:10:02.495+0000] {processor.py:840} INFO - DAG(s) 'finnhub_stock_pipeline' retrieved from /opt/airflow/dags/finnhub_pipeline.py
[2025-08-20T06:10:02.505+0000] {logging_mixin.py:188} INFO - [2025-08-20T06:10:02.505+0000] {dag.py:3036} INFO - Sync 1 DAGs
[2025-08-20T06:10:02.510+0000] {logging_mixin.py:188} INFO - [2025-08-20T06:10:02.510+0000] {dag.py:3823} INFO - Setting next_dagrun for finnhub_stock_pipeline to None, run_after=None
[2025-08-20T06:10:02.522+0000] {processor.py:183} INFO - Processing /opt/airflow/dags/finnhub_pipeline.py took 0.044 seconds
[2025-08-20T06:10:32.641+0000] {processor.py:161} INFO - Started process (PID=58) to work on /opt/airflow/dags/finnhub_pipeline.py
[2025-08-20T06:10:32.642+0000] {processor.py:830} INFO - Processing file /opt/airflow/dags/finnhub_pipeline.py for tasks to queue
[2025-08-20T06:10:32.643+0000] {logging_mixin.py:188} INFO - [2025-08-20T06:10:32.642+0000] {dagbag.py:538} INFO - Filling up the DagBag from /opt/airflow/dags/finnhub_pipeline.py
[2025-08-20T06:10:32.658+0000] {processor.py:840} INFO - DAG(s) 'finnhub_stock_pipeline' retrieved from /opt/airflow/dags/finnhub_pipeline.py
[2025-08-20T06:10:32.674+0000] {logging_mixin.py:188} INFO - [2025-08-20T06:10:32.673+0000] {dag.py:3036} INFO - Sync 1 DAGs
[2025-08-20T06:10:32.681+0000] {logging_mixin.py:188} INFO - [2025-08-20T06:10:32.681+0000] {dag.py:3823} INFO - Setting next_dagrun for finnhub_stock_pipeline to None, run_after=None
[2025-08-20T06:10:32.694+0000] {processor.py:183} INFO - Processing /opt/airflow/dags/finnhub_pipeline.py took 0.055 seconds
[2025-08-20T06:11:02.811+0000] {processor.py:161} INFO - Started process (PID=59) to work on /opt/airflow/dags/finnhub_pipeline.py
[2025-08-20T06:11:02.812+0000] {processor.py:830} INFO - Processing file /opt/airflow/dags/finnhub_pipeline.py for tasks to queue
[2025-08-20T06:11:02.813+0000] {logging_mixin.py:188} INFO - [2025-08-20T06:11:02.812+0000] {dagbag.py:538} INFO - Filling up the DagBag from /opt/airflow/dags/finnhub_pipeline.py
[2025-08-20T06:11:02.826+0000] {processor.py:840} INFO - DAG(s) 'finnhub_stock_pipeline' retrieved from /opt/airflow/dags/finnhub_pipeline.py
[2025-08-20T06:11:02.837+0000] {logging_mixin.py:188} INFO - [2025-08-20T06:11:02.837+0000] {dag.py:3036} INFO - Sync 1 DAGs
[2025-08-20T06:11:02.843+0000] {logging_mixin.py:188} INFO - [2025-08-20T06:11:02.843+0000] {dag.py:3823} INFO - Setting next_dagrun for finnhub_stock_pipeline to None, run_after=None
[2025-08-20T06:11:02.856+0000] {processor.py:183} INFO - Processing /opt/airflow/dags/finnhub_pipeline.py took 0.046 seconds
[2025-08-20T06:11:32.982+0000] {processor.py:161} INFO - Started process (PID=60) to work on /opt/airflow/dags/finnhub_pipeline.py
[2025-08-20T06:11:32.982+0000] {processor.py:830} INFO - Processing file /opt/airflow/dags/finnhub_pipeline.py for tasks to queue
[2025-08-20T06:11:32.983+0000] {logging_mixin.py:188} INFO - [2025-08-20T06:11:32.983+0000] {dagbag.py:538} INFO - Filling up the DagBag from /opt/airflow/dags/finnhub_pipeline.py
[2025-08-20T06:11:32.997+0000] {processor.py:840} INFO - DAG(s) 'finnhub_stock_pipeline' retrieved from /opt/airflow/dags/finnhub_pipeline.py
[2025-08-20T06:11:33.010+0000] {logging_mixin.py:188} INFO - [2025-08-20T06:11:33.009+0000] {dag.py:3036} INFO - Sync 1 DAGs
[2025-08-20T06:11:33.017+0000] {logging_mixin.py:188} INFO - [2025-08-20T06:11:33.017+0000] {dag.py:3823} INFO - Setting next_dagrun for finnhub_stock_pipeline to None, run_after=None
[2025-08-20T06:11:33.031+0000] {processor.py:183} INFO - Processing /opt/airflow/dags/finnhub_pipeline.py took 0.051 seconds
[2025-08-20T06:12:03.146+0000] {processor.py:161} INFO - Started process (PID=61) to work on /opt/airflow/dags/finnhub_pipeline.py
[2025-08-20T06:12:03.147+0000] {processor.py:830} INFO - Processing file /opt/airflow/dags/finnhub_pipeline.py for tasks to queue
[2025-08-20T06:12:03.147+0000] {logging_mixin.py:188} INFO - [2025-08-20T06:12:03.147+0000] {dagbag.py:538} INFO - Filling up the DagBag from /opt/airflow/dags/finnhub_pipeline.py
[2025-08-20T06:12:03.161+0000] {processor.py:840} INFO - DAG(s) 'finnhub_stock_pipeline' retrieved from /opt/airflow/dags/finnhub_pipeline.py
[2025-08-20T06:12:03.171+0000] {logging_mixin.py:188} INFO - [2025-08-20T06:12:03.171+0000] {dag.py:3036} INFO - Sync 1 DAGs
[2025-08-20T06:12:03.176+0000] {logging_mixin.py:188} INFO - [2025-08-20T06:12:03.176+0000] {dag.py:3823} INFO - Setting next_dagrun for finnhub_stock_pipeline to None, run_after=None
[2025-08-20T06:12:03.188+0000] {processor.py:183} INFO - Processing /opt/airflow/dags/finnhub_pipeline.py took 0.044 seconds
[2025-08-20T06:12:33.312+0000] {processor.py:161} INFO - Started process (PID=62) to work on /opt/airflow/dags/finnhub_pipeline.py
[2025-08-20T06:12:33.313+0000] {processor.py:830} INFO - Processing file /opt/airflow/dags/finnhub_pipeline.py for tasks to queue
[2025-08-20T06:12:33.314+0000] {logging_mixin.py:188} INFO - [2025-08-20T06:12:33.313+0000] {dagbag.py:538} INFO - Filling up the DagBag from /opt/airflow/dags/finnhub_pipeline.py
[2025-08-20T06:12:33.327+0000] {processor.py:840} INFO - DAG(s) 'finnhub_stock_pipeline' retrieved from /opt/airflow/dags/finnhub_pipeline.py
[2025-08-20T06:12:33.338+0000] {logging_mixin.py:188} INFO - [2025-08-20T06:12:33.338+0000] {dag.py:3036} INFO - Sync 1 DAGs
[2025-08-20T06:12:33.344+0000] {logging_mixin.py:188} INFO - [2025-08-20T06:12:33.344+0000] {dag.py:3823} INFO - Setting next_dagrun for finnhub_stock_pipeline to None, run_after=None
[2025-08-20T06:12:33.356+0000] {processor.py:183} INFO - Processing /opt/airflow/dags/finnhub_pipeline.py took 0.045 seconds
[2025-08-20T06:13:03.469+0000] {processor.py:161} INFO - Started process (PID=63) to work on /opt/airflow/dags/finnhub_pipeline.py
[2025-08-20T06:13:03.470+0000] {processor.py:830} INFO - Processing file /opt/airflow/dags/finnhub_pipeline.py for tasks to queue
[2025-08-20T06:13:03.471+0000] {logging_mixin.py:188} INFO - [2025-08-20T06:13:03.471+0000] {dagbag.py:538} INFO - Filling up the DagBag from /opt/airflow/dags/finnhub_pipeline.py
[2025-08-20T06:13:03.484+0000] {processor.py:840} INFO - DAG(s) 'finnhub_stock_pipeline' retrieved from /opt/airflow/dags/finnhub_pipeline.py
[2025-08-20T06:13:03.495+0000] {logging_mixin.py:188} INFO - [2025-08-20T06:13:03.495+0000] {dag.py:3036} INFO - Sync 1 DAGs
[2025-08-20T06:13:03.503+0000] {logging_mixin.py:188} INFO - [2025-08-20T06:13:03.503+0000] {dag.py:3823} INFO - Setting next_dagrun for finnhub_stock_pipeline to None, run_after=None
[2025-08-20T06:13:03.516+0000] {processor.py:183} INFO - Processing /opt/airflow/dags/finnhub_pipeline.py took 0.048 seconds
[2025-08-20T06:13:33.636+0000] {processor.py:161} INFO - Started process (PID=64) to work on /opt/airflow/dags/finnhub_pipeline.py
[2025-08-20T06:13:33.636+0000] {processor.py:830} INFO - Processing file /opt/airflow/dags/finnhub_pipeline.py for tasks to queue
[2025-08-20T06:13:33.637+0000] {logging_mixin.py:188} INFO - [2025-08-20T06:13:33.637+0000] {dagbag.py:538} INFO - Filling up the DagBag from /opt/airflow/dags/finnhub_pipeline.py
[2025-08-20T06:13:33.651+0000] {processor.py:840} INFO - DAG(s) 'finnhub_stock_pipeline' retrieved from /opt/airflow/dags/finnhub_pipeline.py
[2025-08-20T06:13:33.665+0000] {logging_mixin.py:188} INFO - [2025-08-20T06:13:33.665+0000] {dag.py:3036} INFO - Sync 1 DAGs
[2025-08-20T06:13:33.673+0000] {logging_mixin.py:188} INFO - [2025-08-20T06:13:33.673+0000] {dag.py:3823} INFO - Setting next_dagrun for finnhub_stock_pipeline to None, run_after=None
[2025-08-20T06:13:33.686+0000] {processor.py:183} INFO - Processing /opt/airflow/dags/finnhub_pipeline.py took 0.052 seconds
[2025-08-20T06:14:03.781+0000] {processor.py:161} INFO - Started process (PID=65) to work on /opt/airflow/dags/finnhub_pipeline.py
[2025-08-20T06:14:03.782+0000] {processor.py:830} INFO - Processing file /opt/airflow/dags/finnhub_pipeline.py for tasks to queue
[2025-08-20T06:14:03.783+0000] {logging_mixin.py:188} INFO - [2025-08-20T06:14:03.782+0000] {dagbag.py:538} INFO - Filling up the DagBag from /opt/airflow/dags/finnhub_pipeline.py
[2025-08-20T06:14:03.796+0000] {processor.py:840} INFO - DAG(s) 'finnhub_stock_pipeline' retrieved from /opt/airflow/dags/finnhub_pipeline.py
[2025-08-20T06:14:03.806+0000] {logging_mixin.py:188} INFO - [2025-08-20T06:14:03.805+0000] {dag.py:3036} INFO - Sync 1 DAGs
[2025-08-20T06:14:03.811+0000] {logging_mixin.py:188} INFO - [2025-08-20T06:14:03.811+0000] {dag.py:3823} INFO - Setting next_dagrun for finnhub_stock_pipeline to None, run_after=None
[2025-08-20T06:14:03.823+0000] {processor.py:183} INFO - Processing /opt/airflow/dags/finnhub_pipeline.py took 0.043 seconds
[2025-08-20T06:14:33.945+0000] {processor.py:161} INFO - Started process (PID=66) to work on /opt/airflow/dags/finnhub_pipeline.py
[2025-08-20T06:14:33.945+0000] {processor.py:830} INFO - Processing file /opt/airflow/dags/finnhub_pipeline.py for tasks to queue
[2025-08-20T06:14:33.946+0000] {logging_mixin.py:188} INFO - [2025-08-20T06:14:33.946+0000] {dagbag.py:538} INFO - Filling up the DagBag from /opt/airflow/dags/finnhub_pipeline.py
[2025-08-20T06:14:33.960+0000] {processor.py:840} INFO - DAG(s) 'finnhub_stock_pipeline' retrieved from /opt/airflow/dags/finnhub_pipeline.py
[2025-08-20T06:14:33.975+0000] {logging_mixin.py:188} INFO - [2025-08-20T06:14:33.975+0000] {dag.py:3036} INFO - Sync 1 DAGs
[2025-08-20T06:14:33.983+0000] {logging_mixin.py:188} INFO - [2025-08-20T06:14:33.982+0000] {dag.py:3823} INFO - Setting next_dagrun for finnhub_stock_pipeline to None, run_after=None
[2025-08-20T06:14:33.996+0000] {processor.py:183} INFO - Processing /opt/airflow/dags/finnhub_pipeline.py took 0.053 seconds
[2025-08-20T06:15:04.112+0000] {processor.py:161} INFO - Started process (PID=67) to work on /opt/airflow/dags/finnhub_pipeline.py
[2025-08-20T06:15:04.113+0000] {processor.py:830} INFO - Processing file /opt/airflow/dags/finnhub_pipeline.py for tasks to queue
[2025-08-20T06:15:04.113+0000] {logging_mixin.py:188} INFO - [2025-08-20T06:15:04.113+0000] {dagbag.py:538} INFO - Filling up the DagBag from /opt/airflow/dags/finnhub_pipeline.py
[2025-08-20T06:15:04.126+0000] {processor.py:840} INFO - DAG(s) 'finnhub_stock_pipeline' retrieved from /opt/airflow/dags/finnhub_pipeline.py
[2025-08-20T06:15:04.141+0000] {logging_mixin.py:188} INFO - [2025-08-20T06:15:04.141+0000] {dag.py:3036} INFO - Sync 1 DAGs
[2025-08-20T06:15:04.148+0000] {logging_mixin.py:188} INFO - [2025-08-20T06:15:04.148+0000] {dag.py:3823} INFO - Setting next_dagrun for finnhub_stock_pipeline to None, run_after=None
[2025-08-20T06:15:04.163+0000] {processor.py:183} INFO - Processing /opt/airflow/dags/finnhub_pipeline.py took 0.052 seconds
