[2025-08-10T11:42:26.137+0000] {taskinstance.py:1956} INFO - Dependencies all met for dep_context=non-requeueable deps ti=<TaskInstance: finnhub_stock_pipeline.run_finnhub_batch_consumer manual__2025-08-10T11:41:17.570323+00:00 [queued]>
[2025-08-10T11:42:26.140+0000] {taskinstance.py:1956} INFO - Dependencies all met for dep_context=requeueable deps ti=<TaskInstance: finnhub_stock_pipeline.run_finnhub_batch_consumer manual__2025-08-10T11:41:17.570323+00:00 [queued]>
[2025-08-10T11:42:26.141+0000] {taskinstance.py:2170} INFO - Starting attempt 1 of 2
[2025-08-10T11:42:26.148+0000] {taskinstance.py:2191} INFO - Executing <Task(BashOperator): run_finnhub_batch_consumer> on 2025-08-10 11:41:17.570323+00:00
[2025-08-10T11:42:26.151+0000] {standard_task_runner.py:60} INFO - Started process 279 to run task
[2025-08-10T11:42:26.153+0000] {standard_task_runner.py:87} INFO - Running: ['airflow', 'tasks', 'run', 'finnhub_stock_pipeline', 'run_finnhub_batch_consumer', 'manual__2025-08-10T11:41:17.570323+00:00', '--job-id', '3', '--raw', '--subdir', 'DAGS_FOLDER/finnhub_pipeline.py', '--cfg-path', '/tmp/tmp5etq8jxi']
[2025-08-10T11:42:26.154+0000] {standard_task_runner.py:88} INFO - Job 3: Subtask run_finnhub_batch_consumer
[2025-08-10T11:42:26.183+0000] {task_command.py:423} INFO - Running <TaskInstance: finnhub_stock_pipeline.run_finnhub_batch_consumer manual__2025-08-10T11:41:17.570323+00:00 [running]> on host f7044530c35b
[2025-08-10T11:42:26.220+0000] {taskinstance.py:2480} INFO - Exporting env vars: AIRFLOW_CTX_DAG_OWNER='airflow' AIRFLOW_CTX_DAG_ID='finnhub_stock_pipeline' AIRFLOW_CTX_TASK_ID='run_finnhub_batch_consumer' AIRFLOW_CTX_EXECUTION_DATE='2025-08-10T11:41:17.570323+00:00' AIRFLOW_CTX_TRY_NUMBER='1' AIRFLOW_CTX_DAG_RUN_ID='manual__2025-08-10T11:41:17.570323+00:00'
[2025-08-10T11:42:26.221+0000] {subprocess.py:63} INFO - Tmp dir root location: /tmp
[2025-08-10T11:42:26.221+0000] {subprocess.py:75} INFO - Running command: ['/usr/bin/bash', '-c', '\n            docker exec spark-master /opt/bitnami/spark/bin/spark-submit                 --master spark://spark-master:7077                 --packages org.apache.spark:spark-sql-kafka-0-10_2.12:3.5.1,org.apache.hadoop:hadoop-client-runtime:3.3.4                 /opt/bitnami/spark/scripts/finnhub_consumer.py\n        ']
[2025-08-10T11:42:26.226+0000] {subprocess.py:86} INFO - Output:
[2025-08-10T11:42:27.129+0000] {subprocess.py:93} INFO - :: loading settings :: url = jar:file:/opt/bitnami/spark/jars/ivy-2.5.0.jar!/org/apache/ivy/core/settings/ivysettings.xml
[2025-08-10T11:42:27.155+0000] {subprocess.py:93} INFO - Ivy Default Cache set to: /opt/bitnami/spark/.ivy2/cache
[2025-08-10T11:42:27.155+0000] {subprocess.py:93} INFO - The jars for the packages stored in: /opt/bitnami/spark/.ivy2/jars
[2025-08-10T11:42:27.158+0000] {subprocess.py:93} INFO - org.apache.spark#spark-sql-kafka-0-10_2.12 added as a dependency
[2025-08-10T11:42:27.158+0000] {subprocess.py:93} INFO - org.apache.hadoop#hadoop-client-runtime added as a dependency
[2025-08-10T11:42:27.159+0000] {subprocess.py:93} INFO - :: resolving dependencies :: org.apache.spark#spark-submit-parent-e448a807-97d4-4862-8093-25b58199aa87;1.0
[2025-08-10T11:42:27.159+0000] {subprocess.py:93} INFO - 	confs: [default]
[2025-08-10T11:42:30.296+0000] {subprocess.py:93} INFO - 	found org.apache.spark#spark-sql-kafka-0-10_2.12;3.5.1 in central
[2025-08-10T11:42:30.684+0000] {subprocess.py:93} INFO - 	found org.apache.spark#spark-token-provider-kafka-0-10_2.12;3.5.1 in central
[2025-08-10T11:42:30.984+0000] {subprocess.py:93} INFO - 	found org.apache.kafka#kafka-clients;3.4.1 in central
[2025-08-10T11:42:31.284+0000] {subprocess.py:93} INFO - 	found org.lz4#lz4-java;1.8.0 in central
[2025-08-10T11:42:31.585+0000] {subprocess.py:93} INFO - 	found org.xerial.snappy#snappy-java;1.1.10.3 in central
[2025-08-10T11:42:32.736+0000] {subprocess.py:93} INFO - 	found org.slf4j#slf4j-api;2.0.7 in central
[2025-08-10T11:42:34.828+0000] {subprocess.py:93} INFO - 	found org.apache.hadoop#hadoop-client-runtime;3.3.4 in central
[2025-08-10T11:42:35.148+0000] {subprocess.py:93} INFO - 	found org.apache.hadoop#hadoop-client-api;3.3.4 in central
[2025-08-10T11:42:37.160+0000] {subprocess.py:93} INFO - 	found commons-logging#commons-logging;1.1.3 in central
[2025-08-10T11:42:37.454+0000] {subprocess.py:93} INFO - 	found com.google.code.findbugs#jsr305;3.0.0 in central
[2025-08-10T11:42:40.351+0000] {subprocess.py:93} INFO - 	found org.apache.commons#commons-pool2;2.11.1 in central
[2025-08-10T11:42:40.501+0000] {subprocess.py:93} INFO - downloading https://repo1.maven.org/maven2/org/apache/spark/spark-sql-kafka-0-10_2.12/3.5.1/spark-sql-kafka-0-10_2.12-3.5.1.jar ...
[2025-08-10T11:42:40.856+0000] {subprocess.py:93} INFO - 	[SUCCESSFUL ] org.apache.spark#spark-sql-kafka-0-10_2.12;3.5.1!spark-sql-kafka-0-10_2.12.jar (499ms)
[2025-08-10T11:42:41.000+0000] {subprocess.py:93} INFO - downloading https://repo1.maven.org/maven2/org/apache/hadoop/hadoop-client-runtime/3.3.4/hadoop-client-runtime-3.3.4.jar ...
[2025-08-10T11:42:44.381+0000] {subprocess.py:93} INFO - 	[SUCCESSFUL ] org.apache.hadoop#hadoop-client-runtime;3.3.4!hadoop-client-runtime.jar (3524ms)
[2025-08-10T11:42:44.525+0000] {subprocess.py:93} INFO - downloading https://repo1.maven.org/maven2/org/apache/spark/spark-token-provider-kafka-0-10_2.12/3.5.1/spark-token-provider-kafka-0-10_2.12-3.5.1.jar ...
[2025-08-10T11:42:44.670+0000] {subprocess.py:93} INFO - 	[SUCCESSFUL ] org.apache.spark#spark-token-provider-kafka-0-10_2.12;3.5.1!spark-token-provider-kafka-0-10_2.12.jar (290ms)
[2025-08-10T11:42:44.814+0000] {subprocess.py:93} INFO - downloading https://repo1.maven.org/maven2/org/apache/kafka/kafka-clients/3.4.1/kafka-clients-3.4.1.jar ...
[2025-08-10T11:42:45.049+0000] {subprocess.py:93} INFO - 	[SUCCESSFUL ] org.apache.kafka#kafka-clients;3.4.1!kafka-clients.jar (378ms)
[2025-08-10T11:42:45.192+0000] {subprocess.py:93} INFO - downloading https://repo1.maven.org/maven2/com/google/code/findbugs/jsr305/3.0.0/jsr305-3.0.0.jar ...
[2025-08-10T11:42:45.337+0000] {subprocess.py:93} INFO - 	[SUCCESSFUL ] com.google.code.findbugs#jsr305;3.0.0!jsr305.jar (287ms)
[2025-08-10T11:42:45.480+0000] {subprocess.py:93} INFO - downloading https://repo1.maven.org/maven2/org/apache/commons/commons-pool2/2.11.1/commons-pool2-2.11.1.jar ...
[2025-08-10T11:42:45.626+0000] {subprocess.py:93} INFO - 	[SUCCESSFUL ] org.apache.commons#commons-pool2;2.11.1!commons-pool2.jar (289ms)
[2025-08-10T11:42:45.769+0000] {subprocess.py:93} INFO - downloading https://repo1.maven.org/maven2/org/lz4/lz4-java/1.8.0/lz4-java-1.8.0.jar ...
[2025-08-10T11:42:45.927+0000] {subprocess.py:93} INFO - 	[SUCCESSFUL ] org.lz4#lz4-java;1.8.0!lz4-java.jar (301ms)
[2025-08-10T11:42:46.070+0000] {subprocess.py:93} INFO - downloading https://repo1.maven.org/maven2/org/xerial/snappy/snappy-java/1.1.10.3/snappy-java-1.1.10.3.jar ...
[2025-08-10T11:42:46.269+0000] {subprocess.py:93} INFO - 	[SUCCESSFUL ] org.xerial.snappy#snappy-java;1.1.10.3!snappy-java.jar(bundle) (343ms)
[2025-08-10T11:42:46.413+0000] {subprocess.py:93} INFO - downloading https://repo1.maven.org/maven2/org/slf4j/slf4j-api/2.0.7/slf4j-api-2.0.7.jar ...
[2025-08-10T11:42:46.558+0000] {subprocess.py:93} INFO - 	[SUCCESSFUL ] org.slf4j#slf4j-api;2.0.7!slf4j-api.jar (288ms)
[2025-08-10T11:42:46.702+0000] {subprocess.py:93} INFO - downloading https://repo1.maven.org/maven2/org/apache/hadoop/hadoop-client-api/3.3.4/hadoop-client-api-3.3.4.jar ...
[2025-08-10T11:42:47.241+0000] {subprocess.py:93} INFO - 	[SUCCESSFUL ] org.apache.hadoop#hadoop-client-api;3.3.4!hadoop-client-api.jar (682ms)
[2025-08-10T11:42:47.385+0000] {subprocess.py:93} INFO - downloading https://repo1.maven.org/maven2/commons-logging/commons-logging/1.1.3/commons-logging-1.1.3.jar ...
[2025-08-10T11:42:47.529+0000] {subprocess.py:93} INFO - 	[SUCCESSFUL ] commons-logging#commons-logging;1.1.3!commons-logging.jar (287ms)
[2025-08-10T11:42:47.530+0000] {subprocess.py:93} INFO - :: resolution report :: resolve 13198ms :: artifacts dl 7172ms
[2025-08-10T11:42:47.530+0000] {subprocess.py:93} INFO - 	:: modules in use:
[2025-08-10T11:42:47.530+0000] {subprocess.py:93} INFO - 	com.google.code.findbugs#jsr305;3.0.0 from central in [default]
[2025-08-10T11:42:47.531+0000] {subprocess.py:93} INFO - 	commons-logging#commons-logging;1.1.3 from central in [default]
[2025-08-10T11:42:47.531+0000] {subprocess.py:93} INFO - 	org.apache.commons#commons-pool2;2.11.1 from central in [default]
[2025-08-10T11:42:47.531+0000] {subprocess.py:93} INFO - 	org.apache.hadoop#hadoop-client-api;3.3.4 from central in [default]
[2025-08-10T11:42:47.531+0000] {subprocess.py:93} INFO - 	org.apache.hadoop#hadoop-client-runtime;3.3.4 from central in [default]
[2025-08-10T11:42:47.532+0000] {subprocess.py:93} INFO - 	org.apache.kafka#kafka-clients;3.4.1 from central in [default]
[2025-08-10T11:42:47.532+0000] {subprocess.py:93} INFO - 	org.apache.spark#spark-sql-kafka-0-10_2.12;3.5.1 from central in [default]
[2025-08-10T11:42:47.532+0000] {subprocess.py:93} INFO - 	org.apache.spark#spark-token-provider-kafka-0-10_2.12;3.5.1 from central in [default]
[2025-08-10T11:42:47.532+0000] {subprocess.py:93} INFO - 	org.lz4#lz4-java;1.8.0 from central in [default]
[2025-08-10T11:42:47.533+0000] {subprocess.py:93} INFO - 	org.slf4j#slf4j-api;2.0.7 from central in [default]
[2025-08-10T11:42:47.533+0000] {subprocess.py:93} INFO - 	org.xerial.snappy#snappy-java;1.1.10.3 from central in [default]
[2025-08-10T11:42:47.533+0000] {subprocess.py:93} INFO - 	---------------------------------------------------------------------
[2025-08-10T11:42:47.533+0000] {subprocess.py:93} INFO - 	|                  |            modules            ||   artifacts   |
[2025-08-10T11:42:47.534+0000] {subprocess.py:93} INFO - 	|       conf       | number| search|dwnlded|evicted|| number|dwnlded|
[2025-08-10T11:42:47.534+0000] {subprocess.py:93} INFO - 	---------------------------------------------------------------------
[2025-08-10T11:42:47.534+0000] {subprocess.py:93} INFO - 	|      default     |   11  |   11  |   11  |   0   ||   11  |   11  |
[2025-08-10T11:42:47.534+0000] {subprocess.py:93} INFO - 	---------------------------------------------------------------------
[2025-08-10T11:42:47.535+0000] {subprocess.py:93} INFO - :: retrieving :: org.apache.spark#spark-submit-parent-e448a807-97d4-4862-8093-25b58199aa87
[2025-08-10T11:42:47.535+0000] {subprocess.py:93} INFO - 	confs: [default]
[2025-08-10T11:42:47.592+0000] {subprocess.py:93} INFO - 	11 artifacts copied, 0 already retrieved (56767kB/58ms)
[2025-08-10T11:42:47.723+0000] {subprocess.py:93} INFO - 25/08/10 11:42:47 WARN NativeCodeLoader: Unable to load native-hadoop library for your platform... using builtin-java classes where applicable
[2025-08-10T11:42:48.194+0000] {subprocess.py:93} INFO - 25/08/10 11:42:48 INFO SparkContext: Running Spark version 3.3.0
[2025-08-10T11:42:48.207+0000] {subprocess.py:93} INFO - 25/08/10 11:42:48 INFO ResourceUtils: ==============================================================
[2025-08-10T11:42:48.207+0000] {subprocess.py:93} INFO - 25/08/10 11:42:48 INFO ResourceUtils: No custom resources configured for spark.driver.
[2025-08-10T11:42:48.207+0000] {subprocess.py:93} INFO - 25/08/10 11:42:48 INFO ResourceUtils: ==============================================================
[2025-08-10T11:42:48.208+0000] {subprocess.py:93} INFO - 25/08/10 11:42:48 INFO SparkContext: Submitted application: FinnhubBatchConsumer
[2025-08-10T11:42:48.220+0000] {subprocess.py:93} INFO - 25/08/10 11:42:48 INFO ResourceProfile: Default ResourceProfile created, executor resources: Map(cores -> name: cores, amount: 1, script: , vendor: , memory -> name: memory, amount: 1024, script: , vendor: , offHeap -> name: offHeap, amount: 0, script: , vendor: ), task resources: Map(cpus -> name: cpus, amount: 1.0)
[2025-08-10T11:42:48.226+0000] {subprocess.py:93} INFO - 25/08/10 11:42:48 INFO ResourceProfile: Limiting resource is cpu
[2025-08-10T11:42:48.226+0000] {subprocess.py:93} INFO - 25/08/10 11:42:48 INFO ResourceProfileManager: Added ResourceProfile id: 0
[2025-08-10T11:42:48.257+0000] {subprocess.py:93} INFO - 25/08/10 11:42:48 INFO SecurityManager: Changing view acls to: spark
[2025-08-10T11:42:48.258+0000] {subprocess.py:93} INFO - 25/08/10 11:42:48 INFO SecurityManager: Changing modify acls to: spark
[2025-08-10T11:42:48.258+0000] {subprocess.py:93} INFO - 25/08/10 11:42:48 INFO SecurityManager: Changing view acls groups to:
[2025-08-10T11:42:48.258+0000] {subprocess.py:93} INFO - 25/08/10 11:42:48 INFO SecurityManager: Changing modify acls groups to:
[2025-08-10T11:42:48.259+0000] {subprocess.py:93} INFO - 25/08/10 11:42:48 INFO SecurityManager: SecurityManager: authentication disabled; ui acls disabled; users  with view permissions: Set(spark); groups with view permissions: Set(); users  with modify permissions: Set(spark); groups with modify permissions: Set()
[2025-08-10T11:42:48.374+0000] {subprocess.py:93} INFO - 25/08/10 11:42:48 INFO Utils: Successfully started service 'sparkDriver' on port 46083.
[2025-08-10T11:42:48.391+0000] {subprocess.py:93} INFO - 25/08/10 11:42:48 INFO SparkEnv: Registering MapOutputTracker
[2025-08-10T11:42:48.410+0000] {subprocess.py:93} INFO - 25/08/10 11:42:48 INFO SparkEnv: Registering BlockManagerMaster
[2025-08-10T11:42:48.419+0000] {subprocess.py:93} INFO - 25/08/10 11:42:48 INFO BlockManagerMasterEndpoint: Using org.apache.spark.storage.DefaultTopologyMapper for getting topology information
[2025-08-10T11:42:48.420+0000] {subprocess.py:93} INFO - 25/08/10 11:42:48 INFO BlockManagerMasterEndpoint: BlockManagerMasterEndpoint up
[2025-08-10T11:42:48.422+0000] {subprocess.py:93} INFO - 25/08/10 11:42:48 INFO SparkEnv: Registering BlockManagerMasterHeartbeat
[2025-08-10T11:42:48.432+0000] {subprocess.py:93} INFO - 25/08/10 11:42:48 INFO DiskBlockManager: Created local directory at /tmp/blockmgr-0da16ff3-706c-4314-9805-866636a13f97
[2025-08-10T11:42:48.442+0000] {subprocess.py:93} INFO - 25/08/10 11:42:48 INFO MemoryStore: MemoryStore started with capacity 366.3 MiB
[2025-08-10T11:42:48.450+0000] {subprocess.py:93} INFO - 25/08/10 11:42:48 INFO SparkEnv: Registering OutputCommitCoordinator
[2025-08-10T11:42:48.547+0000] {subprocess.py:93} INFO - 25/08/10 11:42:48 INFO Utils: Successfully started service 'SparkUI' on port 4040.
[2025-08-10T11:42:48.568+0000] {subprocess.py:93} INFO - 25/08/10 11:42:48 INFO SparkContext: Added JAR file:///opt/bitnami/spark/.ivy2/jars/org.apache.spark_spark-sql-kafka-0-10_2.12-3.5.1.jar at spark://13757cf073f0:46083/jars/org.apache.spark_spark-sql-kafka-0-10_2.12-3.5.1.jar with timestamp 1754826168190
[2025-08-10T11:42:48.568+0000] {subprocess.py:93} INFO - 25/08/10 11:42:48 INFO SparkContext: Added JAR file:///opt/bitnami/spark/.ivy2/jars/org.apache.hadoop_hadoop-client-runtime-3.3.4.jar at spark://13757cf073f0:46083/jars/org.apache.hadoop_hadoop-client-runtime-3.3.4.jar with timestamp 1754826168190
[2025-08-10T11:42:48.568+0000] {subprocess.py:93} INFO - 25/08/10 11:42:48 INFO SparkContext: Added JAR file:///opt/bitnami/spark/.ivy2/jars/org.apache.spark_spark-token-provider-kafka-0-10_2.12-3.5.1.jar at spark://13757cf073f0:46083/jars/org.apache.spark_spark-token-provider-kafka-0-10_2.12-3.5.1.jar with timestamp 1754826168190
[2025-08-10T11:42:48.569+0000] {subprocess.py:93} INFO - 25/08/10 11:42:48 INFO SparkContext: Added JAR file:///opt/bitnami/spark/.ivy2/jars/org.apache.kafka_kafka-clients-3.4.1.jar at spark://13757cf073f0:46083/jars/org.apache.kafka_kafka-clients-3.4.1.jar with timestamp 1754826168190
[2025-08-10T11:42:48.569+0000] {subprocess.py:93} INFO - 25/08/10 11:42:48 INFO SparkContext: Added JAR file:///opt/bitnami/spark/.ivy2/jars/com.google.code.findbugs_jsr305-3.0.0.jar at spark://13757cf073f0:46083/jars/com.google.code.findbugs_jsr305-3.0.0.jar with timestamp 1754826168190
[2025-08-10T11:42:48.569+0000] {subprocess.py:93} INFO - 25/08/10 11:42:48 INFO SparkContext: Added JAR file:///opt/bitnami/spark/.ivy2/jars/org.apache.commons_commons-pool2-2.11.1.jar at spark://13757cf073f0:46083/jars/org.apache.commons_commons-pool2-2.11.1.jar with timestamp 1754826168190
[2025-08-10T11:42:48.569+0000] {subprocess.py:93} INFO - 25/08/10 11:42:48 INFO SparkContext: Added JAR file:///opt/bitnami/spark/.ivy2/jars/org.lz4_lz4-java-1.8.0.jar at spark://13757cf073f0:46083/jars/org.lz4_lz4-java-1.8.0.jar with timestamp 1754826168190
[2025-08-10T11:42:48.570+0000] {subprocess.py:93} INFO - 25/08/10 11:42:48 INFO SparkContext: Added JAR file:///opt/bitnami/spark/.ivy2/jars/org.xerial.snappy_snappy-java-1.1.10.3.jar at spark://13757cf073f0:46083/jars/org.xerial.snappy_snappy-java-1.1.10.3.jar with timestamp 1754826168190
[2025-08-10T11:42:48.570+0000] {subprocess.py:93} INFO - 25/08/10 11:42:48 INFO SparkContext: Added JAR file:///opt/bitnami/spark/.ivy2/jars/org.slf4j_slf4j-api-2.0.7.jar at spark://13757cf073f0:46083/jars/org.slf4j_slf4j-api-2.0.7.jar with timestamp 1754826168190
[2025-08-10T11:42:48.570+0000] {subprocess.py:93} INFO - 25/08/10 11:42:48 INFO SparkContext: Added JAR file:///opt/bitnami/spark/.ivy2/jars/org.apache.hadoop_hadoop-client-api-3.3.4.jar at spark://13757cf073f0:46083/jars/org.apache.hadoop_hadoop-client-api-3.3.4.jar with timestamp 1754826168190
[2025-08-10T11:42:48.570+0000] {subprocess.py:93} INFO - 25/08/10 11:42:48 INFO SparkContext: Added JAR file:///opt/bitnami/spark/.ivy2/jars/commons-logging_commons-logging-1.1.3.jar at spark://13757cf073f0:46083/jars/commons-logging_commons-logging-1.1.3.jar with timestamp 1754826168190
[2025-08-10T11:42:48.571+0000] {subprocess.py:93} INFO - 25/08/10 11:42:48 INFO SparkContext: Added file file:///opt/bitnami/spark/.ivy2/jars/org.apache.spark_spark-sql-kafka-0-10_2.12-3.5.1.jar at spark://13757cf073f0:46083/files/org.apache.spark_spark-sql-kafka-0-10_2.12-3.5.1.jar with timestamp 1754826168190
[2025-08-10T11:42:48.571+0000] {subprocess.py:93} INFO - 25/08/10 11:42:48 INFO Utils: Copying /opt/bitnami/spark/.ivy2/jars/org.apache.spark_spark-sql-kafka-0-10_2.12-3.5.1.jar to /tmp/spark-a9c8051f-9499-45ed-ae26-1083bff72929/userFiles-99ebd073-0e0f-4e54-9427-9fc93a3837ba/org.apache.spark_spark-sql-kafka-0-10_2.12-3.5.1.jar
[2025-08-10T11:42:48.577+0000] {subprocess.py:93} INFO - 25/08/10 11:42:48 INFO SparkContext: Added file file:///opt/bitnami/spark/.ivy2/jars/org.apache.hadoop_hadoop-client-runtime-3.3.4.jar at spark://13757cf073f0:46083/files/org.apache.hadoop_hadoop-client-runtime-3.3.4.jar with timestamp 1754826168190
[2025-08-10T11:42:48.577+0000] {subprocess.py:93} INFO - 25/08/10 11:42:48 INFO Utils: Copying /opt/bitnami/spark/.ivy2/jars/org.apache.hadoop_hadoop-client-runtime-3.3.4.jar to /tmp/spark-a9c8051f-9499-45ed-ae26-1083bff72929/userFiles-99ebd073-0e0f-4e54-9427-9fc93a3837ba/org.apache.hadoop_hadoop-client-runtime-3.3.4.jar
[2025-08-10T11:42:48.604+0000] {subprocess.py:93} INFO - 25/08/10 11:42:48 INFO SparkContext: Added file file:///opt/bitnami/spark/.ivy2/jars/org.apache.spark_spark-token-provider-kafka-0-10_2.12-3.5.1.jar at spark://13757cf073f0:46083/files/org.apache.spark_spark-token-provider-kafka-0-10_2.12-3.5.1.jar with timestamp 1754826168190
[2025-08-10T11:42:48.604+0000] {subprocess.py:93} INFO - 25/08/10 11:42:48 INFO Utils: Copying /opt/bitnami/spark/.ivy2/jars/org.apache.spark_spark-token-provider-kafka-0-10_2.12-3.5.1.jar to /tmp/spark-a9c8051f-9499-45ed-ae26-1083bff72929/userFiles-99ebd073-0e0f-4e54-9427-9fc93a3837ba/org.apache.spark_spark-token-provider-kafka-0-10_2.12-3.5.1.jar
[2025-08-10T11:42:48.606+0000] {subprocess.py:93} INFO - 25/08/10 11:42:48 INFO SparkContext: Added file file:///opt/bitnami/spark/.ivy2/jars/org.apache.kafka_kafka-clients-3.4.1.jar at spark://13757cf073f0:46083/files/org.apache.kafka_kafka-clients-3.4.1.jar with timestamp 1754826168190
[2025-08-10T11:42:48.606+0000] {subprocess.py:93} INFO - 25/08/10 11:42:48 INFO Utils: Copying /opt/bitnami/spark/.ivy2/jars/org.apache.kafka_kafka-clients-3.4.1.jar to /tmp/spark-a9c8051f-9499-45ed-ae26-1083bff72929/userFiles-99ebd073-0e0f-4e54-9427-9fc93a3837ba/org.apache.kafka_kafka-clients-3.4.1.jar
[2025-08-10T11:42:48.611+0000] {subprocess.py:93} INFO - 25/08/10 11:42:48 INFO SparkContext: Added file file:///opt/bitnami/spark/.ivy2/jars/com.google.code.findbugs_jsr305-3.0.0.jar at spark://13757cf073f0:46083/files/com.google.code.findbugs_jsr305-3.0.0.jar with timestamp 1754826168190
[2025-08-10T11:42:48.611+0000] {subprocess.py:93} INFO - 25/08/10 11:42:48 INFO Utils: Copying /opt/bitnami/spark/.ivy2/jars/com.google.code.findbugs_jsr305-3.0.0.jar to /tmp/spark-a9c8051f-9499-45ed-ae26-1083bff72929/userFiles-99ebd073-0e0f-4e54-9427-9fc93a3837ba/com.google.code.findbugs_jsr305-3.0.0.jar
[2025-08-10T11:42:48.612+0000] {subprocess.py:93} INFO - 25/08/10 11:42:48 INFO SparkContext: Added file file:///opt/bitnami/spark/.ivy2/jars/org.apache.commons_commons-pool2-2.11.1.jar at spark://13757cf073f0:46083/files/org.apache.commons_commons-pool2-2.11.1.jar with timestamp 1754826168190
[2025-08-10T11:42:48.613+0000] {subprocess.py:93} INFO - 25/08/10 11:42:48 INFO Utils: Copying /opt/bitnami/spark/.ivy2/jars/org.apache.commons_commons-pool2-2.11.1.jar to /tmp/spark-a9c8051f-9499-45ed-ae26-1083bff72929/userFiles-99ebd073-0e0f-4e54-9427-9fc93a3837ba/org.apache.commons_commons-pool2-2.11.1.jar
[2025-08-10T11:42:48.615+0000] {subprocess.py:93} INFO - 25/08/10 11:42:48 INFO SparkContext: Added file file:///opt/bitnami/spark/.ivy2/jars/org.lz4_lz4-java-1.8.0.jar at spark://13757cf073f0:46083/files/org.lz4_lz4-java-1.8.0.jar with timestamp 1754826168190
[2025-08-10T11:42:48.615+0000] {subprocess.py:93} INFO - 25/08/10 11:42:48 INFO Utils: Copying /opt/bitnami/spark/.ivy2/jars/org.lz4_lz4-java-1.8.0.jar to /tmp/spark-a9c8051f-9499-45ed-ae26-1083bff72929/userFiles-99ebd073-0e0f-4e54-9427-9fc93a3837ba/org.lz4_lz4-java-1.8.0.jar
[2025-08-10T11:42:48.617+0000] {subprocess.py:93} INFO - 25/08/10 11:42:48 INFO SparkContext: Added file file:///opt/bitnami/spark/.ivy2/jars/org.xerial.snappy_snappy-java-1.1.10.3.jar at spark://13757cf073f0:46083/files/org.xerial.snappy_snappy-java-1.1.10.3.jar with timestamp 1754826168190
[2025-08-10T11:42:48.617+0000] {subprocess.py:93} INFO - 25/08/10 11:42:48 INFO Utils: Copying /opt/bitnami/spark/.ivy2/jars/org.xerial.snappy_snappy-java-1.1.10.3.jar to /tmp/spark-a9c8051f-9499-45ed-ae26-1083bff72929/userFiles-99ebd073-0e0f-4e54-9427-9fc93a3837ba/org.xerial.snappy_snappy-java-1.1.10.3.jar
[2025-08-10T11:42:48.621+0000] {subprocess.py:93} INFO - 25/08/10 11:42:48 INFO SparkContext: Added file file:///opt/bitnami/spark/.ivy2/jars/org.slf4j_slf4j-api-2.0.7.jar at spark://13757cf073f0:46083/files/org.slf4j_slf4j-api-2.0.7.jar with timestamp 1754826168190
[2025-08-10T11:42:48.621+0000] {subprocess.py:93} INFO - 25/08/10 11:42:48 INFO Utils: Copying /opt/bitnami/spark/.ivy2/jars/org.slf4j_slf4j-api-2.0.7.jar to /tmp/spark-a9c8051f-9499-45ed-ae26-1083bff72929/userFiles-99ebd073-0e0f-4e54-9427-9fc93a3837ba/org.slf4j_slf4j-api-2.0.7.jar
[2025-08-10T11:42:48.623+0000] {subprocess.py:93} INFO - 25/08/10 11:42:48 INFO SparkContext: Added file file:///opt/bitnami/spark/.ivy2/jars/org.apache.hadoop_hadoop-client-api-3.3.4.jar at spark://13757cf073f0:46083/files/org.apache.hadoop_hadoop-client-api-3.3.4.jar with timestamp 1754826168190
[2025-08-10T11:42:48.623+0000] {subprocess.py:93} INFO - 25/08/10 11:42:48 INFO Utils: Copying /opt/bitnami/spark/.ivy2/jars/org.apache.hadoop_hadoop-client-api-3.3.4.jar to /tmp/spark-a9c8051f-9499-45ed-ae26-1083bff72929/userFiles-99ebd073-0e0f-4e54-9427-9fc93a3837ba/org.apache.hadoop_hadoop-client-api-3.3.4.jar
[2025-08-10T11:42:48.641+0000] {subprocess.py:93} INFO - 25/08/10 11:42:48 INFO SparkContext: Added file file:///opt/bitnami/spark/.ivy2/jars/commons-logging_commons-logging-1.1.3.jar at spark://13757cf073f0:46083/files/commons-logging_commons-logging-1.1.3.jar with timestamp 1754826168190
[2025-08-10T11:42:48.641+0000] {subprocess.py:93} INFO - 25/08/10 11:42:48 INFO Utils: Copying /opt/bitnami/spark/.ivy2/jars/commons-logging_commons-logging-1.1.3.jar to /tmp/spark-a9c8051f-9499-45ed-ae26-1083bff72929/userFiles-99ebd073-0e0f-4e54-9427-9fc93a3837ba/commons-logging_commons-logging-1.1.3.jar
[2025-08-10T11:42:48.693+0000] {subprocess.py:93} INFO - 25/08/10 11:42:48 INFO StandaloneAppClient$ClientEndpoint: Connecting to master spark://spark-master:7077...
[2025-08-10T11:42:48.735+0000] {subprocess.py:93} INFO - 25/08/10 11:42:48 INFO TransportClientFactory: Successfully created connection to spark-master/172.19.0.5:7077 after 31 ms (0 ms spent in bootstraps)
[2025-08-10T11:42:48.802+0000] {subprocess.py:93} INFO - 25/08/10 11:42:48 INFO StandaloneSchedulerBackend: Connected to Spark cluster with app ID app-20250810114248-0000
[2025-08-10T11:42:48.807+0000] {subprocess.py:93} INFO - 25/08/10 11:42:48 INFO Utils: Successfully started service 'org.apache.spark.network.netty.NettyBlockTransferService' on port 36153.
[2025-08-10T11:42:48.808+0000] {subprocess.py:93} INFO - 25/08/10 11:42:48 INFO NettyBlockTransferService: Server created on 13757cf073f0:36153
[2025-08-10T11:42:48.808+0000] {subprocess.py:93} INFO - 25/08/10 11:42:48 INFO BlockManager: Using org.apache.spark.storage.RandomBlockReplicationPolicy for block replication policy
[2025-08-10T11:42:48.813+0000] {subprocess.py:93} INFO - 25/08/10 11:42:48 INFO BlockManagerMaster: Registering BlockManager BlockManagerId(driver, 13757cf073f0, 36153, None)
[2025-08-10T11:42:48.816+0000] {subprocess.py:93} INFO - 25/08/10 11:42:48 INFO BlockManagerMasterEndpoint: Registering block manager 13757cf073f0:36153 with 366.3 MiB RAM, BlockManagerId(driver, 13757cf073f0, 36153, None)
[2025-08-10T11:42:48.818+0000] {subprocess.py:93} INFO - 25/08/10 11:42:48 INFO StandaloneAppClient$ClientEndpoint: Executor added: app-20250810114248-0000/0 on worker-20250810113817-172.19.0.6-37097 (172.19.0.6:37097) with 1 core(s)
[2025-08-10T11:42:48.819+0000] {subprocess.py:93} INFO - 25/08/10 11:42:48 INFO BlockManagerMaster: Registered BlockManager BlockManagerId(driver, 13757cf073f0, 36153, None)
[2025-08-10T11:42:48.819+0000] {subprocess.py:93} INFO - 25/08/10 11:42:48 INFO BlockManager: Initialized BlockManager: BlockManagerId(driver, 13757cf073f0, 36153, None)
[2025-08-10T11:42:48.820+0000] {subprocess.py:93} INFO - 25/08/10 11:42:48 INFO StandaloneSchedulerBackend: Granted executor ID app-20250810114248-0000/0 on hostPort 172.19.0.6:37097 with 1 core(s), 1024.0 MiB RAM
[2025-08-10T11:42:48.897+0000] {subprocess.py:93} INFO - 25/08/10 11:42:48 INFO StandaloneAppClient$ClientEndpoint: Executor updated: app-20250810114248-0000/0 is now RUNNING
[2025-08-10T11:42:48.984+0000] {subprocess.py:93} INFO - 25/08/10 11:42:48 INFO StandaloneSchedulerBackend: SchedulerBackend is ready for scheduling beginning after reached minRegisteredResourcesRatio: 0.0
[2025-08-10T11:42:49.087+0000] {subprocess.py:93} INFO - [Finnhub-Batch] SparkSession이 성공적으로 생성되었습니다.
[2025-08-10T11:42:49.088+0000] {subprocess.py:93} INFO - [Finnhub-Batch] Kafka 토픽 'finnhub_stock_data'에서 데이터를 배치로 읽어옵니다...
[2025-08-10T11:43:01.344+0000] {subprocess.py:93} INFO - [Finnhub-Batch] 10개의 레코드를 읽었습니다.
[2025-08-10T11:43:01.466+0000] {subprocess.py:93} INFO - [Finnhub-Batch] 데이터를 HDFS 경로 'hdfs://namenode:8020/user/spark/finnhub_market_data'에 저장합니다...
[2025-08-10T11:43:07.412+0000] {subprocess.py:93} INFO - [Finnhub-Batch] 데이터 저장을 완료하고 작업을 종료합니다.
[2025-08-10T11:43:07.575+0000] {subprocess.py:97} INFO - Command exited with return code 0
[2025-08-10T11:43:07.584+0000] {taskinstance.py:1138} INFO - Marking task as SUCCESS. dag_id=finnhub_stock_pipeline, task_id=run_finnhub_batch_consumer, execution_date=20250810T114117, start_date=20250810T114226, end_date=20250810T114307
[2025-08-10T11:43:07.627+0000] {local_task_job_runner.py:234} INFO - Task exited with return code 0
[2025-08-10T11:43:07.633+0000] {taskinstance.py:3280} INFO - 1 downstream tasks scheduled from follow-on schedule check
