[2025-08-10T11:43:09.058+0000] {taskinstance.py:1956} INFO - Dependencies all met for dep_context=non-requeueable deps ti=<TaskInstance: finnhub_stock_pipeline.run_finnhub_batch_analyzer manual__2025-08-10T11:41:17.570323+00:00 [queued]>
[2025-08-10T11:43:09.060+0000] {taskinstance.py:1956} INFO - Dependencies all met for dep_context=requeueable deps ti=<TaskInstance: finnhub_stock_pipeline.run_finnhub_batch_analyzer manual__2025-08-10T11:41:17.570323+00:00 [queued]>
[2025-08-10T11:43:09.061+0000] {taskinstance.py:2170} INFO - Starting attempt 1 of 2
[2025-08-10T11:43:09.067+0000] {taskinstance.py:2191} INFO - Executing <Task(BashOperator): run_finnhub_batch_analyzer> on 2025-08-10 11:41:17.570323+00:00
[2025-08-10T11:43:09.070+0000] {standard_task_runner.py:60} INFO - Started process 333 to run task
[2025-08-10T11:43:09.071+0000] {standard_task_runner.py:87} INFO - Running: ['airflow', 'tasks', 'run', 'finnhub_stock_pipeline', 'run_finnhub_batch_analyzer', 'manual__2025-08-10T11:41:17.570323+00:00', '--job-id', '4', '--raw', '--subdir', 'DAGS_FOLDER/finnhub_pipeline.py', '--cfg-path', '/tmp/tmpscda_5y6']
[2025-08-10T11:43:09.072+0000] {standard_task_runner.py:88} INFO - Job 4: Subtask run_finnhub_batch_analyzer
[2025-08-10T11:43:09.096+0000] {task_command.py:423} INFO - Running <TaskInstance: finnhub_stock_pipeline.run_finnhub_batch_analyzer manual__2025-08-10T11:41:17.570323+00:00 [running]> on host f7044530c35b
[2025-08-10T11:43:09.117+0000] {taskinstance.py:2480} INFO - Exporting env vars: AIRFLOW_CTX_DAG_OWNER='airflow' AIRFLOW_CTX_DAG_ID='finnhub_stock_pipeline' AIRFLOW_CTX_TASK_ID='run_finnhub_batch_analyzer' AIRFLOW_CTX_EXECUTION_DATE='2025-08-10T11:41:17.570323+00:00' AIRFLOW_CTX_TRY_NUMBER='1' AIRFLOW_CTX_DAG_RUN_ID='manual__2025-08-10T11:41:17.570323+00:00'
[2025-08-10T11:43:09.118+0000] {subprocess.py:63} INFO - Tmp dir root location: /tmp
[2025-08-10T11:43:09.119+0000] {subprocess.py:75} INFO - Running command: ['/usr/bin/bash', '-c', '\n            docker exec spark-master /opt/bitnami/spark/bin/spark-submit                 --master spark://spark-master:7077                 /opt/bitnami/spark/scripts/finnhub_batch_analyzer.py\n        ']
[2025-08-10T11:43:09.123+0000] {subprocess.py:86} INFO - Output:
[2025-08-10T11:43:10.656+0000] {subprocess.py:93} INFO - 25/08/10 11:43:10 INFO SparkContext: Running Spark version 3.3.0
[2025-08-10T11:43:10.671+0000] {subprocess.py:93} INFO - 25/08/10 11:43:10 INFO ResourceUtils: ==============================================================
[2025-08-10T11:43:10.672+0000] {subprocess.py:93} INFO - 25/08/10 11:43:10 INFO ResourceUtils: No custom resources configured for spark.driver.
[2025-08-10T11:43:10.672+0000] {subprocess.py:93} INFO - 25/08/10 11:43:10 INFO ResourceUtils: ==============================================================
[2025-08-10T11:43:10.672+0000] {subprocess.py:93} INFO - 25/08/10 11:43:10 INFO SparkContext: Submitted application: FinnhubBatchAnalyzer
[2025-08-10T11:43:10.684+0000] {subprocess.py:93} INFO - 25/08/10 11:43:10 INFO ResourceProfile: Default ResourceProfile created, executor resources: Map(cores -> name: cores, amount: 1, script: , vendor: , memory -> name: memory, amount: 1024, script: , vendor: , offHeap -> name: offHeap, amount: 0, script: , vendor: ), task resources: Map(cpus -> name: cpus, amount: 1.0)
[2025-08-10T11:43:10.690+0000] {subprocess.py:93} INFO - 25/08/10 11:43:10 INFO ResourceProfile: Limiting resource is cpu
[2025-08-10T11:43:10.690+0000] {subprocess.py:93} INFO - 25/08/10 11:43:10 INFO ResourceProfileManager: Added ResourceProfile id: 0
[2025-08-10T11:43:10.719+0000] {subprocess.py:93} INFO - 25/08/10 11:43:10 INFO SecurityManager: Changing view acls to: spark
[2025-08-10T11:43:10.720+0000] {subprocess.py:93} INFO - 25/08/10 11:43:10 INFO SecurityManager: Changing modify acls to: spark
[2025-08-10T11:43:10.720+0000] {subprocess.py:93} INFO - 25/08/10 11:43:10 INFO SecurityManager: Changing view acls groups to:
[2025-08-10T11:43:10.720+0000] {subprocess.py:93} INFO - 25/08/10 11:43:10 INFO SecurityManager: Changing modify acls groups to:
[2025-08-10T11:43:10.721+0000] {subprocess.py:93} INFO - 25/08/10 11:43:10 INFO SecurityManager: SecurityManager: authentication disabled; ui acls disabled; users  with view permissions: Set(spark); groups with view permissions: Set(); users  with modify permissions: Set(spark); groups with modify permissions: Set()
[2025-08-10T11:43:10.758+0000] {subprocess.py:93} INFO - 25/08/10 11:43:10 WARN NativeCodeLoader: Unable to load native-hadoop library for your platform... using builtin-java classes where applicable
[2025-08-10T11:43:10.890+0000] {subprocess.py:93} INFO - 25/08/10 11:43:10 INFO Utils: Successfully started service 'sparkDriver' on port 38007.
[2025-08-10T11:43:10.903+0000] {subprocess.py:93} INFO - 25/08/10 11:43:10 INFO SparkEnv: Registering MapOutputTracker
[2025-08-10T11:43:10.924+0000] {subprocess.py:93} INFO - 25/08/10 11:43:10 INFO SparkEnv: Registering BlockManagerMaster
[2025-08-10T11:43:10.935+0000] {subprocess.py:93} INFO - 25/08/10 11:43:10 INFO BlockManagerMasterEndpoint: Using org.apache.spark.storage.DefaultTopologyMapper for getting topology information
[2025-08-10T11:43:10.935+0000] {subprocess.py:93} INFO - 25/08/10 11:43:10 INFO BlockManagerMasterEndpoint: BlockManagerMasterEndpoint up
[2025-08-10T11:43:10.937+0000] {subprocess.py:93} INFO - 25/08/10 11:43:10 INFO SparkEnv: Registering BlockManagerMasterHeartbeat
[2025-08-10T11:43:10.947+0000] {subprocess.py:93} INFO - 25/08/10 11:43:10 INFO DiskBlockManager: Created local directory at /tmp/blockmgr-a82878be-4cb4-4ea1-95d9-d56be10a1815
[2025-08-10T11:43:10.973+0000] {subprocess.py:93} INFO - 25/08/10 11:43:10 INFO MemoryStore: MemoryStore started with capacity 366.3 MiB
[2025-08-10T11:43:10.982+0000] {subprocess.py:93} INFO - 25/08/10 11:43:10 INFO SparkEnv: Registering OutputCommitCoordinator
[2025-08-10T11:43:11.080+0000] {subprocess.py:93} INFO - 25/08/10 11:43:11 INFO Utils: Successfully started service 'SparkUI' on port 4040.
[2025-08-10T11:43:11.141+0000] {subprocess.py:93} INFO - 25/08/10 11:43:11 INFO StandaloneAppClient$ClientEndpoint: Connecting to master spark://spark-master:7077...
[2025-08-10T11:43:11.172+0000] {subprocess.py:93} INFO - 25/08/10 11:43:11 INFO TransportClientFactory: Successfully created connection to spark-master/172.19.0.5:7077 after 18 ms (0 ms spent in bootstraps)
[2025-08-10T11:43:11.223+0000] {subprocess.py:93} INFO - 25/08/10 11:43:11 INFO StandaloneSchedulerBackend: Connected to Spark cluster with app ID app-20250810114311-0001
[2025-08-10T11:43:11.224+0000] {subprocess.py:93} INFO - 25/08/10 11:43:11 INFO StandaloneAppClient$ClientEndpoint: Executor added: app-20250810114311-0001/0 on worker-20250810113817-172.19.0.6-37097 (172.19.0.6:37097) with 1 core(s)
[2025-08-10T11:43:11.225+0000] {subprocess.py:93} INFO - 25/08/10 11:43:11 INFO StandaloneSchedulerBackend: Granted executor ID app-20250810114311-0001/0 on hostPort 172.19.0.6:37097 with 1 core(s), 1024.0 MiB RAM
[2025-08-10T11:43:11.228+0000] {subprocess.py:93} INFO - 25/08/10 11:43:11 INFO Utils: Successfully started service 'org.apache.spark.network.netty.NettyBlockTransferService' on port 44623.
[2025-08-10T11:43:11.229+0000] {subprocess.py:93} INFO - 25/08/10 11:43:11 INFO NettyBlockTransferService: Server created on 13757cf073f0:44623
[2025-08-10T11:43:11.229+0000] {subprocess.py:93} INFO - 25/08/10 11:43:11 INFO BlockManager: Using org.apache.spark.storage.RandomBlockReplicationPolicy for block replication policy
[2025-08-10T11:43:11.235+0000] {subprocess.py:93} INFO - 25/08/10 11:43:11 INFO BlockManagerMaster: Registering BlockManager BlockManagerId(driver, 13757cf073f0, 44623, None)
[2025-08-10T11:43:11.238+0000] {subprocess.py:93} INFO - 25/08/10 11:43:11 INFO BlockManagerMasterEndpoint: Registering block manager 13757cf073f0:44623 with 366.3 MiB RAM, BlockManagerId(driver, 13757cf073f0, 44623, None)
[2025-08-10T11:43:11.239+0000] {subprocess.py:93} INFO - 25/08/10 11:43:11 INFO BlockManagerMaster: Registered BlockManager BlockManagerId(driver, 13757cf073f0, 44623, None)
[2025-08-10T11:43:11.241+0000] {subprocess.py:93} INFO - 25/08/10 11:43:11 INFO BlockManager: Initialized BlockManager: BlockManagerId(driver, 13757cf073f0, 44623, None)
[2025-08-10T11:43:11.267+0000] {subprocess.py:93} INFO - 25/08/10 11:43:11 INFO StandaloneAppClient$ClientEndpoint: Executor updated: app-20250810114311-0001/0 is now RUNNING
[2025-08-10T11:43:11.406+0000] {subprocess.py:93} INFO - 25/08/10 11:43:11 INFO StandaloneSchedulerBackend: SchedulerBackend is ready for scheduling beginning after reached minRegisteredResourcesRatio: 0.0
[2025-08-10T11:43:11.510+0000] {subprocess.py:93} INFO - [Finnhub] SparkSession이 성공적으로 생성되었습니다.
[2025-08-10T11:43:11.511+0000] {subprocess.py:93} INFO - [Finnhub] HDFS 경로 'hdfs://namenode:8020/user/spark/finnhub_market_data'에서 데이터를 읽어옵니다...
[2025-08-10T11:43:15.723+0000] {subprocess.py:93} INFO - [Finnhub] 총 10개의 레코드를 읽었습니다.
[2025-08-10T11:43:15.804+0000] {subprocess.py:93} INFO - [Finnhub] 분석 결과:
[2025-08-10T11:43:16.841+0000] {subprocess.py:93} INFO - +------+----------+-------------+----------------------+
[2025-08-10T11:43:16.842+0000] {subprocess.py:93} INFO - |symbol|trade_date|average_price|average_previous_close|
[2025-08-10T11:43:16.842+0000] {subprocess.py:93} INFO - +------+----------+-------------+----------------------+
[2025-08-10T11:43:16.842+0000] {subprocess.py:93} INFO - |AMD   |2025-08-08|172.76       |172.4                 |
[2025-08-10T11:43:16.843+0000] {subprocess.py:93} INFO - |INTC  |2025-08-08|19.95        |19.77                 |
[2025-08-10T11:43:16.843+0000] {subprocess.py:93} INFO - |NVDA  |2025-08-08|182.7        |180.77                |
[2025-08-10T11:43:16.844+0000] {subprocess.py:93} INFO - |QCOM  |2025-08-08|147.56       |145.9                 |
[2025-08-10T11:43:16.844+0000] {subprocess.py:93} INFO - |TSLA  |2025-08-08|329.65       |322.27                |
[2025-08-10T11:43:16.844+0000] {subprocess.py:93} INFO - +------+----------+-------------+----------------------+
[2025-08-10T11:43:16.845+0000] {subprocess.py:93} INFO - 
[2025-08-10T11:43:17.577+0000] {subprocess.py:93} INFO - [Finnhub] 분석 결과가 HDFS 경로 'hdfs://namenode:8020/user/spark/analyzed_finnhub_data'에 성공적으로 저장되었습니다.
[2025-08-10T11:43:17.662+0000] {subprocess.py:97} INFO - Command exited with return code 0
[2025-08-10T11:43:17.673+0000] {taskinstance.py:1138} INFO - Marking task as SUCCESS. dag_id=finnhub_stock_pipeline, task_id=run_finnhub_batch_analyzer, execution_date=20250810T114117, start_date=20250810T114309, end_date=20250810T114317
[2025-08-10T11:43:17.699+0000] {local_task_job_runner.py:234} INFO - Task exited with return code 0
[2025-08-10T11:43:17.705+0000] {taskinstance.py:3280} INFO - 0 downstream tasks scheduled from follow-on schedule check
