[2025-08-10T11:39:17.202+0000] {processor.py:161} INFO - Started process (PID=123) to work on /opt/airflow/dags/stock_pipeline.py
[2025-08-10T11:39:17.203+0000] {processor.py:830} INFO - Processing file /opt/airflow/dags/stock_pipeline.py for tasks to queue
[2025-08-10T11:39:17.203+0000] {logging_mixin.py:188} INFO - [2025-08-10T11:39:17.203+0000] {dagbag.py:538} INFO - Filling up the DagBag from /opt/airflow/dags/stock_pipeline.py
[2025-08-10T11:39:17.217+0000] {processor.py:840} INFO - DAG(s) 'stock_data_pipeline' retrieved from /opt/airflow/dags/stock_pipeline.py
[2025-08-10T11:39:17.273+0000] {logging_mixin.py:188} INFO - [2025-08-10T11:39:17.273+0000] {override.py:1769} INFO - Created Permission View: can edit on DAG:stock_data_pipeline
[2025-08-10T11:39:17.279+0000] {logging_mixin.py:188} INFO - [2025-08-10T11:39:17.279+0000] {override.py:1769} INFO - Created Permission View: can delete on DAG:stock_data_pipeline
[2025-08-10T11:39:17.283+0000] {logging_mixin.py:188} INFO - [2025-08-10T11:39:17.283+0000] {override.py:1769} INFO - Created Permission View: can read on DAG:stock_data_pipeline
[2025-08-10T11:39:17.284+0000] {logging_mixin.py:188} INFO - [2025-08-10T11:39:17.284+0000] {dag.py:3036} INFO - Sync 1 DAGs
[2025-08-10T11:39:17.289+0000] {logging_mixin.py:188} INFO - [2025-08-10T11:39:17.289+0000] {dag.py:3058} INFO - Creating ORM DAG for stock_data_pipeline
[2025-08-10T11:39:17.294+0000] {logging_mixin.py:188} INFO - [2025-08-10T11:39:17.294+0000] {dag.py:3823} INFO - Setting next_dagrun for stock_data_pipeline to 2025-08-09 00:00:00+00:00, run_after=2025-08-10 00:00:00+00:00
[2025-08-10T11:39:17.305+0000] {processor.py:183} INFO - Processing /opt/airflow/dags/stock_pipeline.py took 0.106 seconds
[2025-08-10T11:39:48.219+0000] {processor.py:161} INFO - Started process (PID=148) to work on /opt/airflow/dags/stock_pipeline.py
[2025-08-10T11:39:48.220+0000] {processor.py:830} INFO - Processing file /opt/airflow/dags/stock_pipeline.py for tasks to queue
[2025-08-10T11:39:48.221+0000] {logging_mixin.py:188} INFO - [2025-08-10T11:39:48.220+0000] {dagbag.py:538} INFO - Filling up the DagBag from /opt/airflow/dags/stock_pipeline.py
[2025-08-10T11:39:48.239+0000] {processor.py:840} INFO - DAG(s) 'stock_data_pipeline' retrieved from /opt/airflow/dags/stock_pipeline.py
[2025-08-10T11:39:48.254+0000] {logging_mixin.py:188} INFO - [2025-08-10T11:39:48.254+0000] {dag.py:3036} INFO - Sync 1 DAGs
[2025-08-10T11:39:48.266+0000] {logging_mixin.py:188} INFO - [2025-08-10T11:39:48.266+0000] {dag.py:3823} INFO - Setting next_dagrun for stock_data_pipeline to 2025-08-09 00:00:00+00:00, run_after=2025-08-10 00:00:00+00:00
[2025-08-10T11:39:48.279+0000] {processor.py:183} INFO - Processing /opt/airflow/dags/stock_pipeline.py took 0.062 seconds
[2025-08-10T11:40:18.390+0000] {processor.py:161} INFO - Started process (PID=168) to work on /opt/airflow/dags/stock_pipeline.py
[2025-08-10T11:40:18.391+0000] {processor.py:830} INFO - Processing file /opt/airflow/dags/stock_pipeline.py for tasks to queue
[2025-08-10T11:40:18.391+0000] {logging_mixin.py:188} INFO - [2025-08-10T11:40:18.391+0000] {dagbag.py:538} INFO - Filling up the DagBag from /opt/airflow/dags/stock_pipeline.py
[2025-08-10T11:40:18.405+0000] {processor.py:840} INFO - DAG(s) 'stock_data_pipeline' retrieved from /opt/airflow/dags/stock_pipeline.py
[2025-08-10T11:40:18.417+0000] {logging_mixin.py:188} INFO - [2025-08-10T11:40:18.417+0000] {dag.py:3036} INFO - Sync 1 DAGs
[2025-08-10T11:40:18.431+0000] {logging_mixin.py:188} INFO - [2025-08-10T11:40:18.431+0000] {dag.py:3823} INFO - Setting next_dagrun for stock_data_pipeline to 2025-08-09 00:00:00+00:00, run_after=2025-08-10 00:00:00+00:00
[2025-08-10T11:40:18.444+0000] {processor.py:183} INFO - Processing /opt/airflow/dags/stock_pipeline.py took 0.055 seconds
[2025-08-10T11:40:48.564+0000] {processor.py:161} INFO - Started process (PID=189) to work on /opt/airflow/dags/stock_pipeline.py
[2025-08-10T11:40:48.565+0000] {processor.py:830} INFO - Processing file /opt/airflow/dags/stock_pipeline.py for tasks to queue
[2025-08-10T11:40:48.565+0000] {logging_mixin.py:188} INFO - [2025-08-10T11:40:48.565+0000] {dagbag.py:538} INFO - Filling up the DagBag from /opt/airflow/dags/stock_pipeline.py
[2025-08-10T11:40:48.578+0000] {processor.py:840} INFO - DAG(s) 'stock_data_pipeline' retrieved from /opt/airflow/dags/stock_pipeline.py
[2025-08-10T11:40:48.588+0000] {logging_mixin.py:188} INFO - [2025-08-10T11:40:48.588+0000] {dag.py:3036} INFO - Sync 1 DAGs
[2025-08-10T11:40:48.601+0000] {logging_mixin.py:188} INFO - [2025-08-10T11:40:48.601+0000] {dag.py:3823} INFO - Setting next_dagrun for stock_data_pipeline to 2025-08-09 00:00:00+00:00, run_after=2025-08-10 00:00:00+00:00
[2025-08-10T11:40:48.614+0000] {processor.py:183} INFO - Processing /opt/airflow/dags/stock_pipeline.py took 0.051 seconds
[2025-08-10T11:41:18.738+0000] {processor.py:161} INFO - Started process (PID=209) to work on /opt/airflow/dags/stock_pipeline.py
[2025-08-10T11:41:18.739+0000] {processor.py:830} INFO - Processing file /opt/airflow/dags/stock_pipeline.py for tasks to queue
[2025-08-10T11:41:18.740+0000] {logging_mixin.py:188} INFO - [2025-08-10T11:41:18.739+0000] {dagbag.py:538} INFO - Filling up the DagBag from /opt/airflow/dags/stock_pipeline.py
[2025-08-10T11:41:18.756+0000] {processor.py:840} INFO - DAG(s) 'stock_data_pipeline' retrieved from /opt/airflow/dags/stock_pipeline.py
[2025-08-10T11:41:18.772+0000] {logging_mixin.py:188} INFO - [2025-08-10T11:41:18.772+0000] {dag.py:3036} INFO - Sync 1 DAGs
[2025-08-10T11:41:18.785+0000] {logging_mixin.py:188} INFO - [2025-08-10T11:41:18.785+0000] {dag.py:3823} INFO - Setting next_dagrun for stock_data_pipeline to 2025-08-09 00:00:00+00:00, run_after=2025-08-10 00:00:00+00:00
[2025-08-10T11:41:18.799+0000] {processor.py:183} INFO - Processing /opt/airflow/dags/stock_pipeline.py took 0.064 seconds
[2025-08-10T11:43:07.882+0000] {processor.py:161} INFO - Started process (PID=313) to work on /opt/airflow/dags/stock_pipeline.py
[2025-08-10T11:43:07.883+0000] {processor.py:830} INFO - Processing file /opt/airflow/dags/stock_pipeline.py for tasks to queue
[2025-08-10T11:43:07.884+0000] {logging_mixin.py:188} INFO - [2025-08-10T11:43:07.883+0000] {dagbag.py:538} INFO - Filling up the DagBag from /opt/airflow/dags/stock_pipeline.py
[2025-08-10T11:43:07.893+0000] {processor.py:840} INFO - DAG(s) 'stock_data_pipeline' retrieved from /opt/airflow/dags/stock_pipeline.py
[2025-08-10T11:43:07.904+0000] {logging_mixin.py:188} INFO - [2025-08-10T11:43:07.904+0000] {dag.py:3036} INFO - Sync 1 DAGs
[2025-08-10T11:43:07.912+0000] {logging_mixin.py:188} INFO - [2025-08-10T11:43:07.912+0000] {dag.py:3823} INFO - Setting next_dagrun for stock_data_pipeline to 2025-08-09 00:00:00+00:00, run_after=2025-08-10 00:00:00+00:00
[2025-08-10T11:43:07.922+0000] {processor.py:183} INFO - Processing /opt/airflow/dags/stock_pipeline.py took 0.041 seconds
[2025-08-10T11:43:38.015+0000] {processor.py:161} INFO - Started process (PID=357) to work on /opt/airflow/dags/stock_pipeline.py
[2025-08-10T11:43:38.015+0000] {processor.py:830} INFO - Processing file /opt/airflow/dags/stock_pipeline.py for tasks to queue
[2025-08-10T11:43:38.016+0000] {logging_mixin.py:188} INFO - [2025-08-10T11:43:38.016+0000] {dagbag.py:538} INFO - Filling up the DagBag from /opt/airflow/dags/stock_pipeline.py
[2025-08-10T11:43:38.026+0000] {processor.py:840} INFO - DAG(s) 'stock_data_pipeline' retrieved from /opt/airflow/dags/stock_pipeline.py
[2025-08-10T11:43:38.036+0000] {logging_mixin.py:188} INFO - [2025-08-10T11:43:38.036+0000] {dag.py:3036} INFO - Sync 1 DAGs
[2025-08-10T11:43:38.045+0000] {logging_mixin.py:188} INFO - [2025-08-10T11:43:38.045+0000] {dag.py:3823} INFO - Setting next_dagrun for stock_data_pipeline to 2025-08-09 00:00:00+00:00, run_after=2025-08-10 00:00:00+00:00
[2025-08-10T11:43:38.057+0000] {processor.py:183} INFO - Processing /opt/airflow/dags/stock_pipeline.py took 0.043 seconds
[2025-08-10T11:44:08.322+0000] {processor.py:161} INFO - Started process (PID=377) to work on /opt/airflow/dags/stock_pipeline.py
[2025-08-10T11:44:08.323+0000] {processor.py:830} INFO - Processing file /opt/airflow/dags/stock_pipeline.py for tasks to queue
[2025-08-10T11:44:08.324+0000] {logging_mixin.py:188} INFO - [2025-08-10T11:44:08.324+0000] {dagbag.py:538} INFO - Filling up the DagBag from /opt/airflow/dags/stock_pipeline.py
[2025-08-10T11:44:08.336+0000] {processor.py:840} INFO - DAG(s) 'stock_data_pipeline' retrieved from /opt/airflow/dags/stock_pipeline.py
[2025-08-10T11:44:08.352+0000] {logging_mixin.py:188} INFO - [2025-08-10T11:44:08.352+0000] {dag.py:3036} INFO - Sync 1 DAGs
[2025-08-10T11:44:08.362+0000] {logging_mixin.py:188} INFO - [2025-08-10T11:44:08.362+0000] {dag.py:3823} INFO - Setting next_dagrun for stock_data_pipeline to 2025-08-09 00:00:00+00:00, run_after=2025-08-10 00:00:00+00:00
[2025-08-10T11:44:08.375+0000] {processor.py:183} INFO - Processing /opt/airflow/dags/stock_pipeline.py took 0.056 seconds
[2025-08-10T11:44:38.615+0000] {processor.py:161} INFO - Started process (PID=397) to work on /opt/airflow/dags/stock_pipeline.py
[2025-08-10T11:44:38.615+0000] {processor.py:830} INFO - Processing file /opt/airflow/dags/stock_pipeline.py for tasks to queue
[2025-08-10T11:44:38.616+0000] {logging_mixin.py:188} INFO - [2025-08-10T11:44:38.616+0000] {dagbag.py:538} INFO - Filling up the DagBag from /opt/airflow/dags/stock_pipeline.py
[2025-08-10T11:44:38.627+0000] {processor.py:840} INFO - DAG(s) 'stock_data_pipeline' retrieved from /opt/airflow/dags/stock_pipeline.py
[2025-08-10T11:44:38.639+0000] {logging_mixin.py:188} INFO - [2025-08-10T11:44:38.639+0000] {dag.py:3036} INFO - Sync 1 DAGs
[2025-08-10T11:44:38.647+0000] {logging_mixin.py:188} INFO - [2025-08-10T11:44:38.647+0000] {dag.py:3823} INFO - Setting next_dagrun for stock_data_pipeline to 2025-08-09 00:00:00+00:00, run_after=2025-08-10 00:00:00+00:00
[2025-08-10T11:44:38.661+0000] {processor.py:183} INFO - Processing /opt/airflow/dags/stock_pipeline.py took 0.048 seconds
[2025-08-10T11:45:08.919+0000] {processor.py:161} INFO - Started process (PID=417) to work on /opt/airflow/dags/stock_pipeline.py
[2025-08-10T11:45:08.920+0000] {processor.py:830} INFO - Processing file /opt/airflow/dags/stock_pipeline.py for tasks to queue
[2025-08-10T11:45:08.920+0000] {logging_mixin.py:188} INFO - [2025-08-10T11:45:08.920+0000] {dagbag.py:538} INFO - Filling up the DagBag from /opt/airflow/dags/stock_pipeline.py
[2025-08-10T11:45:08.930+0000] {processor.py:840} INFO - DAG(s) 'stock_data_pipeline' retrieved from /opt/airflow/dags/stock_pipeline.py
[2025-08-10T11:45:08.942+0000] {logging_mixin.py:188} INFO - [2025-08-10T11:45:08.942+0000] {dag.py:3036} INFO - Sync 1 DAGs
[2025-08-10T11:45:08.953+0000] {logging_mixin.py:188} INFO - [2025-08-10T11:45:08.953+0000] {dag.py:3823} INFO - Setting next_dagrun for stock_data_pipeline to 2025-08-09 00:00:00+00:00, run_after=2025-08-10 00:00:00+00:00
[2025-08-10T11:45:08.965+0000] {processor.py:183} INFO - Processing /opt/airflow/dags/stock_pipeline.py took 0.048 seconds
[2025-08-10T11:45:39.108+0000] {processor.py:161} INFO - Started process (PID=437) to work on /opt/airflow/dags/stock_pipeline.py
[2025-08-10T11:45:39.108+0000] {processor.py:830} INFO - Processing file /opt/airflow/dags/stock_pipeline.py for tasks to queue
[2025-08-10T11:45:39.109+0000] {logging_mixin.py:188} INFO - [2025-08-10T11:45:39.109+0000] {dagbag.py:538} INFO - Filling up the DagBag from /opt/airflow/dags/stock_pipeline.py
[2025-08-10T11:45:39.118+0000] {processor.py:840} INFO - DAG(s) 'stock_data_pipeline' retrieved from /opt/airflow/dags/stock_pipeline.py
[2025-08-10T11:45:39.130+0000] {logging_mixin.py:188} INFO - [2025-08-10T11:45:39.129+0000] {dag.py:3036} INFO - Sync 1 DAGs
[2025-08-10T11:45:39.137+0000] {logging_mixin.py:188} INFO - [2025-08-10T11:45:39.137+0000] {dag.py:3823} INFO - Setting next_dagrun for stock_data_pipeline to 2025-08-09 00:00:00+00:00, run_after=2025-08-10 00:00:00+00:00
[2025-08-10T11:45:39.149+0000] {processor.py:183} INFO - Processing /opt/airflow/dags/stock_pipeline.py took 0.043 seconds
[2025-08-10T11:46:09.407+0000] {processor.py:161} INFO - Started process (PID=457) to work on /opt/airflow/dags/stock_pipeline.py
[2025-08-10T11:46:09.407+0000] {processor.py:830} INFO - Processing file /opt/airflow/dags/stock_pipeline.py for tasks to queue
[2025-08-10T11:46:09.408+0000] {logging_mixin.py:188} INFO - [2025-08-10T11:46:09.408+0000] {dagbag.py:538} INFO - Filling up the DagBag from /opt/airflow/dags/stock_pipeline.py
[2025-08-10T11:46:09.418+0000] {processor.py:840} INFO - DAG(s) 'stock_data_pipeline' retrieved from /opt/airflow/dags/stock_pipeline.py
[2025-08-10T11:46:09.428+0000] {logging_mixin.py:188} INFO - [2025-08-10T11:46:09.428+0000] {dag.py:3036} INFO - Sync 1 DAGs
[2025-08-10T11:46:09.437+0000] {logging_mixin.py:188} INFO - [2025-08-10T11:46:09.437+0000] {dag.py:3823} INFO - Setting next_dagrun for stock_data_pipeline to 2025-08-09 00:00:00+00:00, run_after=2025-08-10 00:00:00+00:00
[2025-08-10T11:46:09.449+0000] {processor.py:183} INFO - Processing /opt/airflow/dags/stock_pipeline.py took 0.044 seconds
[2025-08-10T11:46:39.697+0000] {processor.py:161} INFO - Started process (PID=484) to work on /opt/airflow/dags/stock_pipeline.py
[2025-08-10T11:46:39.697+0000] {processor.py:830} INFO - Processing file /opt/airflow/dags/stock_pipeline.py for tasks to queue
[2025-08-10T11:46:39.698+0000] {logging_mixin.py:188} INFO - [2025-08-10T11:46:39.698+0000] {dagbag.py:538} INFO - Filling up the DagBag from /opt/airflow/dags/stock_pipeline.py
[2025-08-10T11:46:39.708+0000] {processor.py:840} INFO - DAG(s) 'stock_data_pipeline' retrieved from /opt/airflow/dags/stock_pipeline.py
[2025-08-10T11:46:39.718+0000] {logging_mixin.py:188} INFO - [2025-08-10T11:46:39.718+0000] {dag.py:3036} INFO - Sync 1 DAGs
[2025-08-10T11:46:39.726+0000] {logging_mixin.py:188} INFO - [2025-08-10T11:46:39.726+0000] {dag.py:3823} INFO - Setting next_dagrun for stock_data_pipeline to 2025-08-09 00:00:00+00:00, run_after=2025-08-10 00:00:00+00:00
[2025-08-10T11:46:39.738+0000] {processor.py:183} INFO - Processing /opt/airflow/dags/stock_pipeline.py took 0.043 seconds
[2025-08-10T11:47:09.991+0000] {processor.py:161} INFO - Started process (PID=505) to work on /opt/airflow/dags/stock_pipeline.py
[2025-08-10T11:47:09.991+0000] {processor.py:830} INFO - Processing file /opt/airflow/dags/stock_pipeline.py for tasks to queue
[2025-08-10T11:47:09.992+0000] {logging_mixin.py:188} INFO - [2025-08-10T11:47:09.992+0000] {dagbag.py:538} INFO - Filling up the DagBag from /opt/airflow/dags/stock_pipeline.py
[2025-08-10T11:47:10.002+0000] {processor.py:840} INFO - DAG(s) 'stock_data_pipeline' retrieved from /opt/airflow/dags/stock_pipeline.py
[2025-08-10T11:47:10.015+0000] {logging_mixin.py:188} INFO - [2025-08-10T11:47:10.015+0000] {dag.py:3036} INFO - Sync 1 DAGs
[2025-08-10T11:47:10.025+0000] {logging_mixin.py:188} INFO - [2025-08-10T11:47:10.024+0000] {dag.py:3823} INFO - Setting next_dagrun for stock_data_pipeline to 2025-08-09 00:00:00+00:00, run_after=2025-08-10 00:00:00+00:00
[2025-08-10T11:47:10.036+0000] {processor.py:183} INFO - Processing /opt/airflow/dags/stock_pipeline.py took 0.047 seconds
[2025-08-10T11:47:40.205+0000] {processor.py:161} INFO - Started process (PID=525) to work on /opt/airflow/dags/stock_pipeline.py
[2025-08-10T11:47:40.206+0000] {processor.py:830} INFO - Processing file /opt/airflow/dags/stock_pipeline.py for tasks to queue
[2025-08-10T11:47:40.207+0000] {logging_mixin.py:188} INFO - [2025-08-10T11:47:40.207+0000] {dagbag.py:538} INFO - Filling up the DagBag from /opt/airflow/dags/stock_pipeline.py
[2025-08-10T11:47:40.217+0000] {processor.py:840} INFO - DAG(s) 'stock_data_pipeline' retrieved from /opt/airflow/dags/stock_pipeline.py
[2025-08-10T11:47:40.227+0000] {logging_mixin.py:188} INFO - [2025-08-10T11:47:40.227+0000] {dag.py:3036} INFO - Sync 1 DAGs
[2025-08-10T11:47:40.234+0000] {logging_mixin.py:188} INFO - [2025-08-10T11:47:40.234+0000] {dag.py:3823} INFO - Setting next_dagrun for stock_data_pipeline to 2025-08-09 00:00:00+00:00, run_after=2025-08-10 00:00:00+00:00
[2025-08-10T11:47:40.245+0000] {processor.py:183} INFO - Processing /opt/airflow/dags/stock_pipeline.py took 0.041 seconds
[2025-08-10T11:48:10.346+0000] {processor.py:161} INFO - Started process (PID=545) to work on /opt/airflow/dags/stock_pipeline.py
[2025-08-10T11:48:10.347+0000] {processor.py:830} INFO - Processing file /opt/airflow/dags/stock_pipeline.py for tasks to queue
[2025-08-10T11:48:10.348+0000] {logging_mixin.py:188} INFO - [2025-08-10T11:48:10.348+0000] {dagbag.py:538} INFO - Filling up the DagBag from /opt/airflow/dags/stock_pipeline.py
[2025-08-10T11:48:10.358+0000] {processor.py:840} INFO - DAG(s) 'stock_data_pipeline' retrieved from /opt/airflow/dags/stock_pipeline.py
[2025-08-10T11:48:10.369+0000] {logging_mixin.py:188} INFO - [2025-08-10T11:48:10.368+0000] {dag.py:3036} INFO - Sync 1 DAGs
[2025-08-10T11:48:10.376+0000] {logging_mixin.py:188} INFO - [2025-08-10T11:48:10.376+0000] {dag.py:3823} INFO - Setting next_dagrun for stock_data_pipeline to 2025-08-09 00:00:00+00:00, run_after=2025-08-10 00:00:00+00:00
[2025-08-10T11:48:10.389+0000] {processor.py:183} INFO - Processing /opt/airflow/dags/stock_pipeline.py took 0.044 seconds
[2025-08-10T11:48:40.677+0000] {processor.py:161} INFO - Started process (PID=565) to work on /opt/airflow/dags/stock_pipeline.py
[2025-08-10T11:48:40.677+0000] {processor.py:830} INFO - Processing file /opt/airflow/dags/stock_pipeline.py for tasks to queue
[2025-08-10T11:48:40.678+0000] {logging_mixin.py:188} INFO - [2025-08-10T11:48:40.678+0000] {dagbag.py:538} INFO - Filling up the DagBag from /opt/airflow/dags/stock_pipeline.py
[2025-08-10T11:48:40.688+0000] {processor.py:840} INFO - DAG(s) 'stock_data_pipeline' retrieved from /opt/airflow/dags/stock_pipeline.py
[2025-08-10T11:48:40.699+0000] {logging_mixin.py:188} INFO - [2025-08-10T11:48:40.699+0000] {dag.py:3036} INFO - Sync 1 DAGs
[2025-08-10T11:48:40.710+0000] {logging_mixin.py:188} INFO - [2025-08-10T11:48:40.710+0000] {dag.py:3823} INFO - Setting next_dagrun for stock_data_pipeline to 2025-08-09 00:00:00+00:00, run_after=2025-08-10 00:00:00+00:00
[2025-08-10T11:48:40.724+0000] {processor.py:183} INFO - Processing /opt/airflow/dags/stock_pipeline.py took 0.049 seconds
[2025-08-10T11:49:10.973+0000] {processor.py:161} INFO - Started process (PID=585) to work on /opt/airflow/dags/stock_pipeline.py
[2025-08-10T11:49:10.974+0000] {processor.py:830} INFO - Processing file /opt/airflow/dags/stock_pipeline.py for tasks to queue
[2025-08-10T11:49:10.975+0000] {logging_mixin.py:188} INFO - [2025-08-10T11:49:10.975+0000] {dagbag.py:538} INFO - Filling up the DagBag from /opt/airflow/dags/stock_pipeline.py
[2025-08-10T11:49:10.985+0000] {processor.py:840} INFO - DAG(s) 'stock_data_pipeline' retrieved from /opt/airflow/dags/stock_pipeline.py
[2025-08-10T11:49:10.996+0000] {logging_mixin.py:188} INFO - [2025-08-10T11:49:10.996+0000] {dag.py:3036} INFO - Sync 1 DAGs
[2025-08-10T11:49:11.005+0000] {logging_mixin.py:188} INFO - [2025-08-10T11:49:11.005+0000] {dag.py:3823} INFO - Setting next_dagrun for stock_data_pipeline to 2025-08-09 00:00:00+00:00, run_after=2025-08-10 00:00:00+00:00
[2025-08-10T11:49:11.017+0000] {processor.py:183} INFO - Processing /opt/airflow/dags/stock_pipeline.py took 0.046 seconds
[2025-08-10T11:49:41.240+0000] {processor.py:161} INFO - Started process (PID=605) to work on /opt/airflow/dags/stock_pipeline.py
[2025-08-10T11:49:41.240+0000] {processor.py:830} INFO - Processing file /opt/airflow/dags/stock_pipeline.py for tasks to queue
[2025-08-10T11:49:41.241+0000] {logging_mixin.py:188} INFO - [2025-08-10T11:49:41.241+0000] {dagbag.py:538} INFO - Filling up the DagBag from /opt/airflow/dags/stock_pipeline.py
[2025-08-10T11:49:41.251+0000] {processor.py:840} INFO - DAG(s) 'stock_data_pipeline' retrieved from /opt/airflow/dags/stock_pipeline.py
[2025-08-10T11:49:41.261+0000] {logging_mixin.py:188} INFO - [2025-08-10T11:49:41.261+0000] {dag.py:3036} INFO - Sync 1 DAGs
[2025-08-10T11:49:41.270+0000] {logging_mixin.py:188} INFO - [2025-08-10T11:49:41.270+0000] {dag.py:3823} INFO - Setting next_dagrun for stock_data_pipeline to 2025-08-09 00:00:00+00:00, run_after=2025-08-10 00:00:00+00:00
[2025-08-10T11:49:41.281+0000] {processor.py:183} INFO - Processing /opt/airflow/dags/stock_pipeline.py took 0.043 seconds
[2025-08-10T11:50:11.529+0000] {processor.py:161} INFO - Started process (PID=625) to work on /opt/airflow/dags/stock_pipeline.py
[2025-08-10T11:50:11.530+0000] {processor.py:830} INFO - Processing file /opt/airflow/dags/stock_pipeline.py for tasks to queue
[2025-08-10T11:50:11.531+0000] {logging_mixin.py:188} INFO - [2025-08-10T11:50:11.530+0000] {dagbag.py:538} INFO - Filling up the DagBag from /opt/airflow/dags/stock_pipeline.py
[2025-08-10T11:50:11.540+0000] {processor.py:840} INFO - DAG(s) 'stock_data_pipeline' retrieved from /opt/airflow/dags/stock_pipeline.py
[2025-08-10T11:50:11.550+0000] {logging_mixin.py:188} INFO - [2025-08-10T11:50:11.550+0000] {dag.py:3036} INFO - Sync 1 DAGs
[2025-08-10T11:50:11.558+0000] {logging_mixin.py:188} INFO - [2025-08-10T11:50:11.557+0000] {dag.py:3823} INFO - Setting next_dagrun for stock_data_pipeline to 2025-08-09 00:00:00+00:00, run_after=2025-08-10 00:00:00+00:00
[2025-08-10T11:50:11.569+0000] {processor.py:183} INFO - Processing /opt/airflow/dags/stock_pipeline.py took 0.042 seconds
[2025-08-10T11:50:41.830+0000] {processor.py:161} INFO - Started process (PID=646) to work on /opt/airflow/dags/stock_pipeline.py
[2025-08-10T11:50:41.831+0000] {processor.py:830} INFO - Processing file /opt/airflow/dags/stock_pipeline.py for tasks to queue
[2025-08-10T11:50:41.832+0000] {logging_mixin.py:188} INFO - [2025-08-10T11:50:41.832+0000] {dagbag.py:538} INFO - Filling up the DagBag from /opt/airflow/dags/stock_pipeline.py
[2025-08-10T11:50:41.844+0000] {processor.py:840} INFO - DAG(s) 'stock_data_pipeline' retrieved from /opt/airflow/dags/stock_pipeline.py
[2025-08-10T11:50:41.861+0000] {logging_mixin.py:188} INFO - [2025-08-10T11:50:41.861+0000] {dag.py:3036} INFO - Sync 1 DAGs
[2025-08-10T11:50:41.872+0000] {logging_mixin.py:188} INFO - [2025-08-10T11:50:41.872+0000] {dag.py:3823} INFO - Setting next_dagrun for stock_data_pipeline to 2025-08-09 00:00:00+00:00, run_after=2025-08-10 00:00:00+00:00
[2025-08-10T11:50:41.886+0000] {processor.py:183} INFO - Processing /opt/airflow/dags/stock_pipeline.py took 0.059 seconds
[2025-08-10T11:51:12.122+0000] {processor.py:161} INFO - Started process (PID=666) to work on /opt/airflow/dags/stock_pipeline.py
[2025-08-10T11:51:12.122+0000] {processor.py:830} INFO - Processing file /opt/airflow/dags/stock_pipeline.py for tasks to queue
[2025-08-10T11:51:12.123+0000] {logging_mixin.py:188} INFO - [2025-08-10T11:51:12.123+0000] {dagbag.py:538} INFO - Filling up the DagBag from /opt/airflow/dags/stock_pipeline.py
[2025-08-10T11:51:12.134+0000] {processor.py:840} INFO - DAG(s) 'stock_data_pipeline' retrieved from /opt/airflow/dags/stock_pipeline.py
[2025-08-10T11:51:12.145+0000] {logging_mixin.py:188} INFO - [2025-08-10T11:51:12.145+0000] {dag.py:3036} INFO - Sync 1 DAGs
[2025-08-10T11:51:12.153+0000] {logging_mixin.py:188} INFO - [2025-08-10T11:51:12.153+0000] {dag.py:3823} INFO - Setting next_dagrun for stock_data_pipeline to 2025-08-09 00:00:00+00:00, run_after=2025-08-10 00:00:00+00:00
[2025-08-10T11:51:12.165+0000] {processor.py:183} INFO - Processing /opt/airflow/dags/stock_pipeline.py took 0.045 seconds
[2025-08-10T11:51:42.304+0000] {processor.py:161} INFO - Started process (PID=686) to work on /opt/airflow/dags/stock_pipeline.py
[2025-08-10T11:51:42.305+0000] {processor.py:830} INFO - Processing file /opt/airflow/dags/stock_pipeline.py for tasks to queue
[2025-08-10T11:51:42.305+0000] {logging_mixin.py:188} INFO - [2025-08-10T11:51:42.305+0000] {dagbag.py:538} INFO - Filling up the DagBag from /opt/airflow/dags/stock_pipeline.py
[2025-08-10T11:51:42.316+0000] {processor.py:840} INFO - DAG(s) 'stock_data_pipeline' retrieved from /opt/airflow/dags/stock_pipeline.py
[2025-08-10T11:51:42.327+0000] {logging_mixin.py:188} INFO - [2025-08-10T11:51:42.326+0000] {dag.py:3036} INFO - Sync 1 DAGs
[2025-08-10T11:51:42.334+0000] {logging_mixin.py:188} INFO - [2025-08-10T11:51:42.334+0000] {dag.py:3823} INFO - Setting next_dagrun for stock_data_pipeline to 2025-08-09 00:00:00+00:00, run_after=2025-08-10 00:00:00+00:00
[2025-08-10T11:51:42.346+0000] {processor.py:183} INFO - Processing /opt/airflow/dags/stock_pipeline.py took 0.044 seconds
[2025-08-10T11:52:12.598+0000] {processor.py:161} INFO - Started process (PID=706) to work on /opt/airflow/dags/stock_pipeline.py
[2025-08-10T11:52:12.598+0000] {processor.py:830} INFO - Processing file /opt/airflow/dags/stock_pipeline.py for tasks to queue
[2025-08-10T11:52:12.599+0000] {logging_mixin.py:188} INFO - [2025-08-10T11:52:12.599+0000] {dagbag.py:538} INFO - Filling up the DagBag from /opt/airflow/dags/stock_pipeline.py
[2025-08-10T11:52:12.608+0000] {processor.py:840} INFO - DAG(s) 'stock_data_pipeline' retrieved from /opt/airflow/dags/stock_pipeline.py
[2025-08-10T11:52:12.617+0000] {logging_mixin.py:188} INFO - [2025-08-10T11:52:12.617+0000] {dag.py:3036} INFO - Sync 1 DAGs
[2025-08-10T11:52:12.624+0000] {logging_mixin.py:188} INFO - [2025-08-10T11:52:12.624+0000] {dag.py:3823} INFO - Setting next_dagrun for stock_data_pipeline to 2025-08-09 00:00:00+00:00, run_after=2025-08-10 00:00:00+00:00
[2025-08-10T11:52:12.636+0000] {processor.py:183} INFO - Processing /opt/airflow/dags/stock_pipeline.py took 0.040 seconds
[2025-08-10T11:52:42.799+0000] {processor.py:161} INFO - Started process (PID=726) to work on /opt/airflow/dags/stock_pipeline.py
[2025-08-10T11:52:42.800+0000] {processor.py:830} INFO - Processing file /opt/airflow/dags/stock_pipeline.py for tasks to queue
[2025-08-10T11:52:42.801+0000] {logging_mixin.py:188} INFO - [2025-08-10T11:52:42.801+0000] {dagbag.py:538} INFO - Filling up the DagBag from /opt/airflow/dags/stock_pipeline.py
[2025-08-10T11:52:42.812+0000] {processor.py:840} INFO - DAG(s) 'stock_data_pipeline' retrieved from /opt/airflow/dags/stock_pipeline.py
[2025-08-10T11:52:42.829+0000] {logging_mixin.py:188} INFO - [2025-08-10T11:52:42.829+0000] {dag.py:3036} INFO - Sync 1 DAGs
[2025-08-10T11:52:42.839+0000] {logging_mixin.py:188} INFO - [2025-08-10T11:52:42.839+0000] {dag.py:3823} INFO - Setting next_dagrun for stock_data_pipeline to 2025-08-09 00:00:00+00:00, run_after=2025-08-10 00:00:00+00:00
[2025-08-10T11:52:42.853+0000] {processor.py:183} INFO - Processing /opt/airflow/dags/stock_pipeline.py took 0.057 seconds
[2025-08-10T11:53:13.087+0000] {processor.py:161} INFO - Started process (PID=746) to work on /opt/airflow/dags/stock_pipeline.py
[2025-08-10T11:53:13.088+0000] {processor.py:830} INFO - Processing file /opt/airflow/dags/stock_pipeline.py for tasks to queue
[2025-08-10T11:53:13.088+0000] {logging_mixin.py:188} INFO - [2025-08-10T11:53:13.088+0000] {dagbag.py:538} INFO - Filling up the DagBag from /opt/airflow/dags/stock_pipeline.py
[2025-08-10T11:53:13.098+0000] {processor.py:840} INFO - DAG(s) 'stock_data_pipeline' retrieved from /opt/airflow/dags/stock_pipeline.py
[2025-08-10T11:53:13.109+0000] {logging_mixin.py:188} INFO - [2025-08-10T11:53:13.108+0000] {dag.py:3036} INFO - Sync 1 DAGs
[2025-08-10T11:53:13.118+0000] {logging_mixin.py:188} INFO - [2025-08-10T11:53:13.118+0000] {dag.py:3823} INFO - Setting next_dagrun for stock_data_pipeline to 2025-08-09 00:00:00+00:00, run_after=2025-08-10 00:00:00+00:00
[2025-08-10T11:53:13.130+0000] {processor.py:183} INFO - Processing /opt/airflow/dags/stock_pipeline.py took 0.044 seconds
[2025-08-10T11:53:43.393+0000] {processor.py:161} INFO - Started process (PID=766) to work on /opt/airflow/dags/stock_pipeline.py
[2025-08-10T11:53:43.394+0000] {processor.py:830} INFO - Processing file /opt/airflow/dags/stock_pipeline.py for tasks to queue
[2025-08-10T11:53:43.395+0000] {logging_mixin.py:188} INFO - [2025-08-10T11:53:43.394+0000] {dagbag.py:538} INFO - Filling up the DagBag from /opt/airflow/dags/stock_pipeline.py
[2025-08-10T11:53:43.406+0000] {processor.py:840} INFO - DAG(s) 'stock_data_pipeline' retrieved from /opt/airflow/dags/stock_pipeline.py
[2025-08-10T11:53:43.423+0000] {logging_mixin.py:188} INFO - [2025-08-10T11:53:43.423+0000] {dag.py:3036} INFO - Sync 1 DAGs
[2025-08-10T11:53:43.432+0000] {logging_mixin.py:188} INFO - [2025-08-10T11:53:43.432+0000] {dag.py:3823} INFO - Setting next_dagrun for stock_data_pipeline to 2025-08-09 00:00:00+00:00, run_after=2025-08-10 00:00:00+00:00
[2025-08-10T11:53:43.444+0000] {processor.py:183} INFO - Processing /opt/airflow/dags/stock_pipeline.py took 0.052 seconds
[2025-08-10T11:54:13.682+0000] {processor.py:161} INFO - Started process (PID=786) to work on /opt/airflow/dags/stock_pipeline.py
[2025-08-10T11:54:13.682+0000] {processor.py:830} INFO - Processing file /opt/airflow/dags/stock_pipeline.py for tasks to queue
[2025-08-10T11:54:13.683+0000] {logging_mixin.py:188} INFO - [2025-08-10T11:54:13.683+0000] {dagbag.py:538} INFO - Filling up the DagBag from /opt/airflow/dags/stock_pipeline.py
[2025-08-10T11:54:13.693+0000] {processor.py:840} INFO - DAG(s) 'stock_data_pipeline' retrieved from /opt/airflow/dags/stock_pipeline.py
[2025-08-10T11:54:13.704+0000] {logging_mixin.py:188} INFO - [2025-08-10T11:54:13.704+0000] {dag.py:3036} INFO - Sync 1 DAGs
[2025-08-10T11:54:13.712+0000] {logging_mixin.py:188} INFO - [2025-08-10T11:54:13.712+0000] {dag.py:3823} INFO - Setting next_dagrun for stock_data_pipeline to 2025-08-09 00:00:00+00:00, run_after=2025-08-10 00:00:00+00:00
[2025-08-10T11:54:13.724+0000] {processor.py:183} INFO - Processing /opt/airflow/dags/stock_pipeline.py took 0.044 seconds
[2025-08-10T11:54:43.978+0000] {processor.py:161} INFO - Started process (PID=806) to work on /opt/airflow/dags/stock_pipeline.py
[2025-08-10T11:54:43.979+0000] {processor.py:830} INFO - Processing file /opt/airflow/dags/stock_pipeline.py for tasks to queue
[2025-08-10T11:54:43.980+0000] {logging_mixin.py:188} INFO - [2025-08-10T11:54:43.980+0000] {dagbag.py:538} INFO - Filling up the DagBag from /opt/airflow/dags/stock_pipeline.py
[2025-08-10T11:54:43.991+0000] {processor.py:840} INFO - DAG(s) 'stock_data_pipeline' retrieved from /opt/airflow/dags/stock_pipeline.py
[2025-08-10T11:54:44.007+0000] {logging_mixin.py:188} INFO - [2025-08-10T11:54:44.006+0000] {dag.py:3036} INFO - Sync 1 DAGs
[2025-08-10T11:54:44.014+0000] {logging_mixin.py:188} INFO - [2025-08-10T11:54:44.014+0000] {dag.py:3823} INFO - Setting next_dagrun for stock_data_pipeline to 2025-08-09 00:00:00+00:00, run_after=2025-08-10 00:00:00+00:00
[2025-08-10T11:54:44.025+0000] {processor.py:183} INFO - Processing /opt/airflow/dags/stock_pipeline.py took 0.050 seconds
[2025-08-10T11:55:14.137+0000] {processor.py:161} INFO - Started process (PID=826) to work on /opt/airflow/dags/stock_pipeline.py
[2025-08-10T11:55:14.138+0000] {processor.py:830} INFO - Processing file /opt/airflow/dags/stock_pipeline.py for tasks to queue
[2025-08-10T11:55:14.138+0000] {logging_mixin.py:188} INFO - [2025-08-10T11:55:14.138+0000] {dagbag.py:538} INFO - Filling up the DagBag from /opt/airflow/dags/stock_pipeline.py
[2025-08-10T11:55:14.149+0000] {processor.py:840} INFO - DAG(s) 'stock_data_pipeline' retrieved from /opt/airflow/dags/stock_pipeline.py
[2025-08-10T11:55:14.163+0000] {logging_mixin.py:188} INFO - [2025-08-10T11:55:14.163+0000] {dag.py:3036} INFO - Sync 1 DAGs
[2025-08-10T11:55:14.172+0000] {logging_mixin.py:188} INFO - [2025-08-10T11:55:14.172+0000] {dag.py:3823} INFO - Setting next_dagrun for stock_data_pipeline to 2025-08-09 00:00:00+00:00, run_after=2025-08-10 00:00:00+00:00
[2025-08-10T11:55:14.183+0000] {processor.py:183} INFO - Processing /opt/airflow/dags/stock_pipeline.py took 0.049 seconds
[2025-08-10T11:55:44.316+0000] {processor.py:161} INFO - Started process (PID=846) to work on /opt/airflow/dags/stock_pipeline.py
[2025-08-10T11:55:44.317+0000] {processor.py:830} INFO - Processing file /opt/airflow/dags/stock_pipeline.py for tasks to queue
[2025-08-10T11:55:44.318+0000] {logging_mixin.py:188} INFO - [2025-08-10T11:55:44.318+0000] {dagbag.py:538} INFO - Filling up the DagBag from /opt/airflow/dags/stock_pipeline.py
[2025-08-10T11:55:44.328+0000] {processor.py:840} INFO - DAG(s) 'stock_data_pipeline' retrieved from /opt/airflow/dags/stock_pipeline.py
[2025-08-10T11:55:44.338+0000] {logging_mixin.py:188} INFO - [2025-08-10T11:55:44.338+0000] {dag.py:3036} INFO - Sync 1 DAGs
[2025-08-10T11:55:44.346+0000] {logging_mixin.py:188} INFO - [2025-08-10T11:55:44.346+0000] {dag.py:3823} INFO - Setting next_dagrun for stock_data_pipeline to 2025-08-09 00:00:00+00:00, run_after=2025-08-10 00:00:00+00:00
[2025-08-10T11:55:44.360+0000] {processor.py:183} INFO - Processing /opt/airflow/dags/stock_pipeline.py took 0.045 seconds
[2025-08-10T11:56:14.497+0000] {processor.py:161} INFO - Started process (PID=866) to work on /opt/airflow/dags/stock_pipeline.py
[2025-08-10T11:56:14.498+0000] {processor.py:830} INFO - Processing file /opt/airflow/dags/stock_pipeline.py for tasks to queue
[2025-08-10T11:56:14.498+0000] {logging_mixin.py:188} INFO - [2025-08-10T11:56:14.498+0000] {dagbag.py:538} INFO - Filling up the DagBag from /opt/airflow/dags/stock_pipeline.py
[2025-08-10T11:56:14.509+0000] {processor.py:840} INFO - DAG(s) 'stock_data_pipeline' retrieved from /opt/airflow/dags/stock_pipeline.py
[2025-08-10T11:56:14.520+0000] {logging_mixin.py:188} INFO - [2025-08-10T11:56:14.520+0000] {dag.py:3036} INFO - Sync 1 DAGs
[2025-08-10T11:56:14.528+0000] {logging_mixin.py:188} INFO - [2025-08-10T11:56:14.528+0000] {dag.py:3823} INFO - Setting next_dagrun for stock_data_pipeline to 2025-08-09 00:00:00+00:00, run_after=2025-08-10 00:00:00+00:00
[2025-08-10T11:56:14.540+0000] {processor.py:183} INFO - Processing /opt/airflow/dags/stock_pipeline.py took 0.044 seconds
[2025-08-10T11:56:44.687+0000] {processor.py:161} INFO - Started process (PID=886) to work on /opt/airflow/dags/stock_pipeline.py
[2025-08-10T11:56:44.687+0000] {processor.py:830} INFO - Processing file /opt/airflow/dags/stock_pipeline.py for tasks to queue
[2025-08-10T11:56:44.688+0000] {logging_mixin.py:188} INFO - [2025-08-10T11:56:44.688+0000] {dagbag.py:538} INFO - Filling up the DagBag from /opt/airflow/dags/stock_pipeline.py
[2025-08-10T11:56:44.697+0000] {processor.py:840} INFO - DAG(s) 'stock_data_pipeline' retrieved from /opt/airflow/dags/stock_pipeline.py
[2025-08-10T11:56:44.708+0000] {logging_mixin.py:188} INFO - [2025-08-10T11:56:44.707+0000] {dag.py:3036} INFO - Sync 1 DAGs
[2025-08-10T11:56:44.715+0000] {logging_mixin.py:188} INFO - [2025-08-10T11:56:44.714+0000] {dag.py:3823} INFO - Setting next_dagrun for stock_data_pipeline to 2025-08-09 00:00:00+00:00, run_after=2025-08-10 00:00:00+00:00
[2025-08-10T11:56:44.725+0000] {processor.py:183} INFO - Processing /opt/airflow/dags/stock_pipeline.py took 0.040 seconds
[2025-08-10T11:57:14.867+0000] {processor.py:161} INFO - Started process (PID=906) to work on /opt/airflow/dags/stock_pipeline.py
[2025-08-10T11:57:14.868+0000] {processor.py:830} INFO - Processing file /opt/airflow/dags/stock_pipeline.py for tasks to queue
[2025-08-10T11:57:14.869+0000] {logging_mixin.py:188} INFO - [2025-08-10T11:57:14.868+0000] {dagbag.py:538} INFO - Filling up the DagBag from /opt/airflow/dags/stock_pipeline.py
[2025-08-10T11:57:14.877+0000] {processor.py:840} INFO - DAG(s) 'stock_data_pipeline' retrieved from /opt/airflow/dags/stock_pipeline.py
[2025-08-10T11:57:14.887+0000] {logging_mixin.py:188} INFO - [2025-08-10T11:57:14.887+0000] {dag.py:3036} INFO - Sync 1 DAGs
[2025-08-10T11:57:14.895+0000] {logging_mixin.py:188} INFO - [2025-08-10T11:57:14.895+0000] {dag.py:3823} INFO - Setting next_dagrun for stock_data_pipeline to 2025-08-09 00:00:00+00:00, run_after=2025-08-10 00:00:00+00:00
[2025-08-10T11:57:14.906+0000] {processor.py:183} INFO - Processing /opt/airflow/dags/stock_pipeline.py took 0.040 seconds
[2025-08-10T11:57:45.051+0000] {processor.py:161} INFO - Started process (PID=926) to work on /opt/airflow/dags/stock_pipeline.py
[2025-08-10T11:57:45.051+0000] {processor.py:830} INFO - Processing file /opt/airflow/dags/stock_pipeline.py for tasks to queue
[2025-08-10T11:57:45.052+0000] {logging_mixin.py:188} INFO - [2025-08-10T11:57:45.052+0000] {dagbag.py:538} INFO - Filling up the DagBag from /opt/airflow/dags/stock_pipeline.py
[2025-08-10T11:57:45.062+0000] {processor.py:840} INFO - DAG(s) 'stock_data_pipeline' retrieved from /opt/airflow/dags/stock_pipeline.py
[2025-08-10T11:57:45.089+0000] {logging_mixin.py:188} INFO - [2025-08-10T11:57:45.089+0000] {dag.py:3036} INFO - Sync 1 DAGs
[2025-08-10T11:57:45.100+0000] {logging_mixin.py:188} INFO - [2025-08-10T11:57:45.100+0000] {dag.py:3823} INFO - Setting next_dagrun for stock_data_pipeline to 2025-08-09 00:00:00+00:00, run_after=2025-08-10 00:00:00+00:00
[2025-08-10T11:57:45.113+0000] {processor.py:183} INFO - Processing /opt/airflow/dags/stock_pipeline.py took 0.064 seconds
[2025-08-10T11:58:15.233+0000] {processor.py:161} INFO - Started process (PID=947) to work on /opt/airflow/dags/stock_pipeline.py
[2025-08-10T11:58:15.233+0000] {processor.py:830} INFO - Processing file /opt/airflow/dags/stock_pipeline.py for tasks to queue
[2025-08-10T11:58:15.234+0000] {logging_mixin.py:188} INFO - [2025-08-10T11:58:15.234+0000] {dagbag.py:538} INFO - Filling up the DagBag from /opt/airflow/dags/stock_pipeline.py
[2025-08-10T11:58:15.243+0000] {processor.py:840} INFO - DAG(s) 'stock_data_pipeline' retrieved from /opt/airflow/dags/stock_pipeline.py
[2025-08-10T11:58:15.254+0000] {logging_mixin.py:188} INFO - [2025-08-10T11:58:15.254+0000] {dag.py:3036} INFO - Sync 1 DAGs
[2025-08-10T11:58:15.262+0000] {logging_mixin.py:188} INFO - [2025-08-10T11:58:15.262+0000] {dag.py:3823} INFO - Setting next_dagrun for stock_data_pipeline to 2025-08-09 00:00:00+00:00, run_after=2025-08-10 00:00:00+00:00
[2025-08-10T11:58:15.275+0000] {processor.py:183} INFO - Processing /opt/airflow/dags/stock_pipeline.py took 0.044 seconds
[2025-08-10T11:58:45.396+0000] {processor.py:161} INFO - Started process (PID=967) to work on /opt/airflow/dags/stock_pipeline.py
[2025-08-10T11:58:45.396+0000] {processor.py:830} INFO - Processing file /opt/airflow/dags/stock_pipeline.py for tasks to queue
[2025-08-10T11:58:45.397+0000] {logging_mixin.py:188} INFO - [2025-08-10T11:58:45.397+0000] {dagbag.py:538} INFO - Filling up the DagBag from /opt/airflow/dags/stock_pipeline.py
[2025-08-10T11:58:45.407+0000] {processor.py:840} INFO - DAG(s) 'stock_data_pipeline' retrieved from /opt/airflow/dags/stock_pipeline.py
[2025-08-10T11:58:45.417+0000] {logging_mixin.py:188} INFO - [2025-08-10T11:58:45.417+0000] {dag.py:3036} INFO - Sync 1 DAGs
[2025-08-10T11:58:45.425+0000] {logging_mixin.py:188} INFO - [2025-08-10T11:58:45.425+0000] {dag.py:3823} INFO - Setting next_dagrun for stock_data_pipeline to 2025-08-09 00:00:00+00:00, run_after=2025-08-10 00:00:00+00:00
[2025-08-10T11:58:45.436+0000] {processor.py:183} INFO - Processing /opt/airflow/dags/stock_pipeline.py took 0.042 seconds
[2025-08-10T11:59:15.579+0000] {processor.py:161} INFO - Started process (PID=988) to work on /opt/airflow/dags/stock_pipeline.py
[2025-08-10T11:59:15.580+0000] {processor.py:830} INFO - Processing file /opt/airflow/dags/stock_pipeline.py for tasks to queue
[2025-08-10T11:59:15.581+0000] {logging_mixin.py:188} INFO - [2025-08-10T11:59:15.580+0000] {dagbag.py:538} INFO - Filling up the DagBag from /opt/airflow/dags/stock_pipeline.py
[2025-08-10T11:59:15.591+0000] {processor.py:840} INFO - DAG(s) 'stock_data_pipeline' retrieved from /opt/airflow/dags/stock_pipeline.py
[2025-08-10T11:59:15.609+0000] {logging_mixin.py:188} INFO - [2025-08-10T11:59:15.608+0000] {dag.py:3036} INFO - Sync 1 DAGs
[2025-08-10T11:59:15.620+0000] {logging_mixin.py:188} INFO - [2025-08-10T11:59:15.620+0000] {dag.py:3823} INFO - Setting next_dagrun for stock_data_pipeline to 2025-08-09 00:00:00+00:00, run_after=2025-08-10 00:00:00+00:00
[2025-08-10T11:59:15.634+0000] {processor.py:183} INFO - Processing /opt/airflow/dags/stock_pipeline.py took 0.056 seconds
